<?xml version="1.0" encoding="utf-8" standalone="no"?>
<test-run id="0" name="Jsonata.Net.Native.TestSuite.dll" fullname="f:\Projects\_NuGet\jsonata.net.native\src\Jsonata.Net.Native.TestSuite\bin\Debug\net5.0\Jsonata.Net.Native.TestSuite.dll" runstate="Runnable" testcasecount="1611" result="Failed" total="146" passed="125" failed="2" inconclusive="0" skipped="19" asserts="85" engine-version="3.12.0.0" clr-version="5.0.10" start-time="2021-10-30 22:08:25Z" end-time="2021-10-30 22:08:25Z" duration="0.240647">
  <command-line><![CDATA[f:\Projects\_NuGet\jsonata.net.native\src\Jsonata.Net.Native.TestSuite\bin\Debug\net5.0\testhost.dll --port 62941 --endpoint 127.0.0.1:062941 --role client --parentprocessid 27728 --telemetryoptedin false]]></command-line>
  <filter>
    <or>
      <test>Jsonata.Net.Native.TestSuite.Tests.token-conversion.case000</test>
      <test>Jsonata.Net.Native.TestSuite.Tests.token-conversion.case001</test>
      <test>Jsonata.Net.Native.TestSuite.Tests.token-conversion.case002</test>
      <test>Jsonata.Net.Native.TestSuite.Tests.token-conversion.case003</test>
      <test>Jsonata.Net.Native.TestSuite.Tests.transform.case000</test>
      <test>Jsonata.Net.Native.TestSuite.Tests.transform.case001</test>
      <test>Jsonata.Net.Native.TestSuite.Tests.transform.case002</test>
      <test>Jsonata.Net.Native.TestSuite.Tests.transform.case003</test>
      <test>Jsonata.Net.Native.TestSuite.Tests.transform.case004</test>
      <test>Jsonata.Net.Native.TestSuite.Tests.transform.case005</test>
      <test>Jsonata.Net.Native.TestSuite.Tests.transform.case006</test>
      <test>Jsonata.Net.Native.TestSuite.Tests.transform.case007</test>
      <test>Jsonata.Net.Native.TestSuite.Tests.transform.case008</test>
      <test>Jsonata.Net.Native.TestSuite.Tests.transform.case009</test>
      <test>Jsonata.Net.Native.TestSuite.Tests.transform.case010</test>
      <test>Jsonata.Net.Native.TestSuite.Tests.transform.case011</test>
      <test>Jsonata.Net.Native.TestSuite.Tests.transform.case012</test>
      <test>Jsonata.Net.Native.TestSuite.Tests.transform.case013</test>
      <test>Jsonata.Net.Native.TestSuite.Tests.transform.case014</test>
      <test>Jsonata.Net.Native.TestSuite.Tests.transform.case015</test>
      <test>Jsonata.Net.Native.TestSuite.Tests.transform.case016</test>
      <test>Jsonata.Net.Native.TestSuite.Tests.transform.case017</test>
      <test>Jsonata.Net.Native.TestSuite.Tests.transform.case018</test>
      <test>Jsonata.Net.Native.TestSuite.Tests.transform.case019</test>
      <test>Jsonata.Net.Native.TestSuite.Tests.transform.case020</test>
      <test>Jsonata.Net.Native.TestSuite.Tests.transform.case021</test>
      <test>Jsonata.Net.Native.TestSuite.Tests.transform.case022</test>
      <test>Jsonata.Net.Native.TestSuite.Tests.transform.case023</test>
      <test>Jsonata.Net.Native.TestSuite.Tests.transform.case024</test>
      <test>Jsonata.Net.Native.TestSuite.Tests.transform.case025</test>
      <test>Jsonata.Net.Native.TestSuite.Tests.transform.case026</test>
      <test>Jsonata.Net.Native.TestSuite.Tests.transform.case027</test>
      <test>Jsonata.Net.Native.TestSuite.Tests.transform.case028</test>
      <test>Jsonata.Net.Native.TestSuite.Tests.transform.case029</test>
      <test>Jsonata.Net.Native.TestSuite.Tests.transform.case030</test>
      <test>Jsonata.Net.Native.TestSuite.Tests.transform.case031</test>
      <test>Jsonata.Net.Native.TestSuite.Tests.transform.case032</test>
      <test>Jsonata.Net.Native.TestSuite.Tests.transform.case033</test>
      <test>Jsonata.Net.Native.TestSuite.Tests.transform.case034</test>
      <test>Jsonata.Net.Native.TestSuite.Tests.transform.case035</test>
      <test>Jsonata.Net.Native.TestSuite.Tests.transform.case036</test>
      <test>Jsonata.Net.Native.TestSuite.Tests.transform.case037</test>
      <test>Jsonata.Net.Native.TestSuite.Tests.transform.case038</test>
      <test>Jsonata.Net.Native.TestSuite.Tests.transform.case039</test>
      <test>Jsonata.Net.Native.TestSuite.Tests.transform.case040</test>
      <test>Jsonata.Net.Native.TestSuite.Tests.transform.case041</test>
      <test>Jsonata.Net.Native.TestSuite.Tests.transform.case042</test>
      <test>Jsonata.Net.Native.TestSuite.Tests.transform.case043</test>
      <test>Jsonata.Net.Native.TestSuite.Tests.transform.case044</test>
      <test>Jsonata.Net.Native.TestSuite.Tests.transform.case045</test>
      <test>Jsonata.Net.Native.TestSuite.Tests.transform.case046</test>
      <test>Jsonata.Net.Native.TestSuite.Tests.transform.case047</test>
      <test>Jsonata.Net.Native.TestSuite.Tests.transform.case048</test>
      <test>Jsonata.Net.Native.TestSuite.Tests.transform.case049</test>
      <test>Jsonata.Net.Native.TestSuite.Tests.transform.case050</test>
      <test>Jsonata.Net.Native.TestSuite.Tests.transform.case051</test>
      <test>Jsonata.Net.Native.TestSuite.Tests.transform.case052</test>
      <test>Jsonata.Net.Native.TestSuite.Tests.transform.case053</test>
      <test>Jsonata.Net.Native.TestSuite.Tests.transform.case054</test>
      <test>Jsonata.Net.Native.TestSuite.Tests.transform.case055</test>
      <test>Jsonata.Net.Native.TestSuite.Tests.transform.case056</test>
      <test>Jsonata.Net.Native.TestSuite.Tests.transform.case057</test>
      <test>Jsonata.Net.Native.TestSuite.Tests.transform.case058</test>
      <test>Jsonata.Net.Native.TestSuite.Tests.transform.case059</test>
      <test>Jsonata.Net.Native.TestSuite.Tests.transform.case060</test>
      <test>Jsonata.Net.Native.TestSuite.Tests.transform.case061</test>
      <test>Jsonata.Net.Native.TestSuite.Tests.transform.case062</test>
      <test>Jsonata.Net.Native.TestSuite.Tests.transform.case063</test>
      <test>Jsonata.Net.Native.TestSuite.Tests.transform.case064</test>
      <test>Jsonata.Net.Native.TestSuite.Tests.transform.case065</test>
      <test>Jsonata.Net.Native.TestSuite.Tests.transform.case066</test>
      <test>Jsonata.Net.Native.TestSuite.Tests.transform.case067</test>
      <test>Jsonata.Net.Native.TestSuite.Tests.transform.case068</test>
      <test>Jsonata.Net.Native.TestSuite.Tests.transform.case069</test>
      <test>Jsonata.Net.Native.TestSuite.Tests.transform.case070</test>
      <test>Jsonata.Net.Native.TestSuite.Tests.transform.case071</test>
      <test>Jsonata.Net.Native.TestSuite.Tests.transform.case072</test>
      <test>Jsonata.Net.Native.TestSuite.Tests.transform.case073</test>
      <test>Jsonata.Net.Native.TestSuite.Tests.transform.case074</test>
      <test>Jsonata.Net.Native.TestSuite.Tests.transform.case075</test>
      <test>Jsonata.Net.Native.TestSuite.Tests.transform.case076</test>
      <test>Jsonata.Net.Native.TestSuite.Tests.transform.case077</test>
      <test>Jsonata.Net.Native.TestSuite.Tests.transform.case078</test>
      <test>Jsonata.Net.Native.TestSuite.Tests.transform.case079</test>
      <test>Jsonata.Net.Native.TestSuite.Tests.transform.case080</test>
      <test>Jsonata.Net.Native.TestSuite.Tests.transform.case081</test>
      <test>Jsonata.Net.Native.TestSuite.Tests.transform.case082</test>
      <test>Jsonata.Net.Native.TestSuite.Tests.transform.case083</test>
      <test>Jsonata.Net.Native.TestSuite.Tests.transform.case084</test>
      <test>Jsonata.Net.Native.TestSuite.Tests.transform.case085</test>
      <test>Jsonata.Net.Native.TestSuite.Tests.transform.case086</test>
      <test>Jsonata.Net.Native.TestSuite.Tests.transform.case087</test>
      <test>Jsonata.Net.Native.TestSuite.Tests.transform.case088</test>
      <test>Jsonata.Net.Native.TestSuite.Tests.transform.case089</test>
      <test>Jsonata.Net.Native.TestSuite.Tests.transform.case090</test>
      <test>Jsonata.Net.Native.TestSuite.Tests.transform.case091</test>
      <test>Jsonata.Net.Native.TestSuite.Tests.transform.case092</test>
      <test>Jsonata.Net.Native.TestSuite.Tests.transform.case093</test>
      <test>Jsonata.Net.Native.TestSuite.Tests.transform.case094</test>
      <test>Jsonata.Net.Native.TestSuite.Tests.transform.case095</test>
      <test>Jsonata.Net.Native.TestSuite.Tests.transform.case096</test>
      <test>Jsonata.Net.Native.TestSuite.Tests.transform.case097</test>
      <test>Jsonata.Net.Native.TestSuite.Tests.transform.case098</test>
      <test>Jsonata.Net.Native.TestSuite.Tests.transform.case099</test>
      <test>Jsonata.Net.Native.TestSuite.Tests.transform.case100</test>
      <test>Jsonata.Net.Native.TestSuite.Tests.transform.case101</test>
      <test>Jsonata.Net.Native.TestSuite.Tests.transform.case102</test>
      <test>Jsonata.Net.Native.TestSuite.Tests.transform.case103</test>
      <test>Jsonata.Net.Native.TestSuite.Tests.transforms.case000</test>
      <test>Jsonata.Net.Native.TestSuite.Tests.transforms.case001</test>
      <test>Jsonata.Net.Native.TestSuite.Tests.transforms.case002</test>
      <test>Jsonata.Net.Native.TestSuite.Tests.transforms.case003</test>
      <test>Jsonata.Net.Native.TestSuite.Tests.transforms.case004</test>
      <test>Jsonata.Net.Native.TestSuite.Tests.transforms.case005</test>
      <test>Jsonata.Net.Native.TestSuite.Tests.transforms.case006</test>
      <test>Jsonata.Net.Native.TestSuite.Tests.transforms.case007</test>
      <test>Jsonata.Net.Native.TestSuite.Tests.transforms.case008</test>
      <test>Jsonata.Net.Native.TestSuite.Tests.transforms.case009</test>
      <test>Jsonata.Net.Native.TestSuite.Tests.transforms.case010</test>
      <test>Jsonata.Net.Native.TestSuite.Tests.transforms.case011</test>
      <test>Jsonata.Net.Native.TestSuite.Tests.transforms.case012</test>
      <test>Jsonata.Net.Native.TestSuite.Tests.transforms.case013</test>
      <test>Jsonata.Net.Native.TestSuite.Tests.transforms.case014</test>
      <test>Jsonata.Net.Native.TestSuite.Tests.variables.case000</test>
      <test>Jsonata.Net.Native.TestSuite.Tests.variables.case001</test>
      <test>Jsonata.Net.Native.TestSuite.Tests.variables.case002</test>
      <test>Jsonata.Net.Native.TestSuite.Tests.variables.case003</test>
      <test>Jsonata.Net.Native.TestSuite.Tests.variables.case004</test>
      <test>Jsonata.Net.Native.TestSuite.Tests.variables.case005</test>
      <test>Jsonata.Net.Native.TestSuite.Tests.variables.case006</test>
      <test>Jsonata.Net.Native.TestSuite.Tests.variables.case007</test>
      <test>Jsonata.Net.Native.TestSuite.Tests.variables.case008</test>
      <test>Jsonata.Net.Native.TestSuite.Tests.variables.case009</test>
      <test>Jsonata.Net.Native.TestSuite.Tests.variables.case010</test>
      <test>Jsonata.Net.Native.TestSuite.Tests.variables.case011</test>
      <test>Jsonata.Net.Native.TestSuite.Tests.variables.case012</test>
      <test>Jsonata.Net.Native.TestSuite.Tests.wildcards.case000</test>
      <test>Jsonata.Net.Native.TestSuite.Tests.wildcards.case001</test>
      <test>Jsonata.Net.Native.TestSuite.Tests.wildcards.case002</test>
      <test>Jsonata.Net.Native.TestSuite.Tests.wildcards.case003</test>
      <test>Jsonata.Net.Native.TestSuite.Tests.wildcards.case004</test>
      <test>Jsonata.Net.Native.TestSuite.Tests.wildcards.case005</test>
      <test>Jsonata.Net.Native.TestSuite.Tests.wildcards.case006</test>
      <test>Jsonata.Net.Native.TestSuite.Tests.wildcards.case007</test>
      <test>Jsonata.Net.Native.TestSuite.Tests.wildcards.case008</test>
      <test>Jsonata.Net.Native.TestSuite.Tests.wildcards.case009</test>
    </or>
  </filter>
  <test-suite type="Assembly" id="0-2613" name="Jsonata.Net.Native.TestSuite.dll" fullname="f:/Projects/_NuGet/jsonata.net.native/src/Jsonata.Net.Native.TestSuite/bin/Debug/net5.0/Jsonata.Net.Native.TestSuite.dll" runstate="Runnable" testcasecount="1611" result="Failed" site="Child" start-time="2021-10-30T22:08:25.1519204Z" end-time="2021-10-30T22:08:25.3674927Z" duration="0.215526" total="146" passed="125" failed="2" warnings="0" inconclusive="0" skipped="19" asserts="85">
    <environment framework-version="3.13.2.0" clr-version="5.0.10" os-version="Microsoft Windows 6.3.9600" platform="Win32NT" cwd="f:\Projects\_NuGet\jsonata.net.native\src\Jsonata.Net.Native.TestSuite\bin\Debug\net5.0" machine-name="ABC-BARG" user="barg_ma" user-domain="ABC" culture="ru-RU" uiculture="ru-RU" os-architecture="x64" />
    <settings>
      <setting name="SynchronousEvents" value="False" />
      <setting name="RandomSeed" value="489965759" />
      <setting name="SkipNonTestAssemblies" value="True" />
      <setting name="ProcessModel" value="InProcess" />
      <setting name="DomainUsage" value="Single" />
      <setting name="DefaultTestNamePattern" value="{m}{a}" />
      <setting name="WorkDirectory" value="f:\Projects\_NuGet\jsonata.net.native\src\Jsonata.Net.Native.TestSuite\bin\Debug\net5.0" />
      <setting name="NumberOfTestWorkers" value="4" />
    </settings>
    <properties>
      <property name="_PID" value="7620" />
      <property name="_APPDOMAIN" value="testhost" />
    </properties>
    <failure>
      <message><![CDATA[One or more child tests had errors]]></message>
    </failure>
    <test-suite type="TestSuite" id="0-2614" name="Jsonata" fullname="Jsonata" runstate="Runnable" testcasecount="1611" result="Failed" site="Child" start-time="2021-10-30T22:08:25.1565215Z" end-time="2021-10-30T22:08:25.3674661Z" duration="0.210947" total="146" passed="125" failed="2" warnings="0" inconclusive="0" skipped="19" asserts="85">
      <failure>
        <message><![CDATA[One or more child tests had errors]]></message>
      </failure>
      <test-suite type="TestSuite" id="0-2615" name="Net" fullname="Jsonata.Net" runstate="Runnable" testcasecount="1611" result="Failed" site="Child" start-time="2021-10-30T22:08:25.1567497Z" end-time="2021-10-30T22:08:25.3674586Z" duration="0.210712" total="146" passed="125" failed="2" warnings="0" inconclusive="0" skipped="19" asserts="85">
        <failure>
          <message><![CDATA[One or more child tests had errors]]></message>
        </failure>
        <test-suite type="TestSuite" id="0-2616" name="Native" fullname="Jsonata.Net.Native" runstate="Runnable" testcasecount="1611" result="Failed" site="Child" start-time="2021-10-30T22:08:25.1567596Z" end-time="2021-10-30T22:08:25.3674507Z" duration="0.210693" total="146" passed="125" failed="2" warnings="0" inconclusive="0" skipped="19" asserts="85">
          <failure>
            <message><![CDATA[One or more child tests had errors]]></message>
          </failure>
          <test-suite type="TestSuite" id="0-2617" name="TestSuite" fullname="Jsonata.Net.Native.TestSuite" runstate="Runnable" testcasecount="1611" result="Failed" site="Child" start-time="2021-10-30T22:08:25.1567639Z" end-time="2021-10-30T22:08:25.3674338Z" duration="0.210673" total="146" passed="125" failed="2" warnings="0" inconclusive="0" skipped="19" asserts="85">
            <failure>
              <message><![CDATA[One or more child tests had errors]]></message>
            </failure>
            <test-suite type="TestFixture" id="0-1000" name="Tests" fullname="Jsonata.Net.Native.TestSuite.Tests" classname="Jsonata.Net.Native.TestSuite.Tests" runstate="Runnable" testcasecount="1611" result="Failed" site="Child" start-time="2021-10-30T22:08:25.1578342Z" end-time="2021-10-30T22:08:25.3673852Z" duration="0.209554" total="146" passed="125" failed="2" warnings="0" inconclusive="0" skipped="19" asserts="85">
              <failure>
                <message><![CDATA[One or more child tests had errors]]></message>
              </failure>
              <output><![CDATA[Loaded 27 datasets
]]></output>
              <test-suite type="ParameterizedMethod" id="0-2612" name="Test" fullname="Jsonata.Net.Native.TestSuite.Tests.Test" classname="Jsonata.Net.Native.TestSuite.Tests" runstate="Runnable" testcasecount="1611" result="Failed" site="Child" start-time="2021-10-30T22:08:25.1727182Z" end-time="2021-10-30T22:08:25.3654901Z" duration="0.192774" total="146" passed="125" failed="2" warnings="0" inconclusive="0" skipped="19" asserts="84">
                <failure>
                  <message><![CDATA[One or more child tests had errors]]></message>
                </failure>
                <test-case id="0-2466" name="token-conversion.case000" fullname="Jsonata.Net.Native.TestSuite.Tests.token-conversion.case000" methodname="Test" classname="Jsonata.Net.Native.TestSuite.Tests" runstate="Runnable" seed="657491675" result="Passed" start-time="2021-10-30T22:08:25.1727732Z" end-time="2021-10-30T22:08:25.2001187Z" duration="0.027450" asserts="1">
                  <properties>
                    <property name="Description" value="expr: '$.'7a'';&#xA; result: 33" />
                  </properties>
                  <output><![CDATA[Expr is '$.'7a''
Result: '33'
Expected: '33'
]]></output>
                </test-case>
                <test-case id="0-2467" name="token-conversion.case001" fullname="Jsonata.Net.Native.TestSuite.Tests.token-conversion.case001" methodname="Test" classname="Jsonata.Net.Native.TestSuite.Tests" runstate="Runnable" seed="240704842" result="Passed" start-time="2021-10-30T22:08:25.2023181Z" end-time="2021-10-30T22:08:25.2025708Z" duration="0.000252" asserts="1">
                  <properties>
                    <property name="Description" value="expr: '$.'7'';&#xA; result: 88" />
                  </properties>
                  <output><![CDATA[Expr is '$.'7''
Result: '88'
Expected: '88'
]]></output>
                </test-case>
                <test-case id="0-2468" name="token-conversion.case002" fullname="Jsonata.Net.Native.TestSuite.Tests.token-conversion.case002" methodname="Test" classname="Jsonata.Net.Native.TestSuite.Tests" runstate="Runnable" seed="652166058" result="Skipped" label="Ignored" start-time="2021-10-30T22:08:25.2026040Z" end-time="2021-10-30T22:08:25.2319304Z" duration="0.029327" asserts="0">
                  <properties>
                    <property name="Description" value="expr: '$.7a';&#xA; result: error S0201" />
                  </properties>
                  <reason>
                    <message><![CDATA[Failed with exception: syntax error: 'Token { type = typeName, value = a, position = 3 }
(ErrSyntaxError)
   at Jsonata.Net.Native.Parsing.Parser.Parse(String queryText) in f:\Projects\_NuGet\jsonata.net.native\src\Jsonata.Net.Native\Parsing\Parser.cs:line 21
   at Jsonata.Net.Native.JsonataQuery..ctor(String queryText) in f:\Projects\_NuGet\jsonata.net.native\src\Jsonata.Net.Native\JsonataQuery.cs:line 21
   at Jsonata.Net.Native.TestSuite.Tests.Test(CaseInfo caseInfo) in f:\Projects\_NuGet\jsonata.net.native\src\Jsonata.Net.Native.TestSuite\UnitTest1.cs:line 74]]></message>
                  </reason>
                  <output><![CDATA[Expr is '$.7a'
]]></output>
                </test-case>
                <test-case id="0-2469" name="token-conversion.case003" fullname="Jsonata.Net.Native.TestSuite.Tests.token-conversion.case003" methodname="Test" classname="Jsonata.Net.Native.TestSuite.Tests" runstate="Runnable" seed="2021178001" result="Skipped" label="Ignored" start-time="2021-10-30T22:08:25.2320638Z" end-time="2021-10-30T22:08:25.2331252Z" duration="0.001061" asserts="0">
                  <properties>
                    <property name="Description" value="expr: '$.7';&#xA; result: error S0213" />
                  </properties>
                  <reason>
                    <message><![CDATA[Failed with exception: invalid path step 7: paths cannot contain nulls, strings, numbers or booleans
(ErrPathLiteral)
   at Jsonata.Net.Native.Parsing.DotNode_.optimize() in f:\Projects\_NuGet\jsonata.net.native\src\Jsonata.Net.Native\Parsing\Nodes.cs:line 362
   at Jsonata.Net.Native.Parsing.Parser.Parse(String queryText) in f:\Projects\_NuGet\jsonata.net.native\src\Jsonata.Net.Native\Parsing\Parser.cs:line 23
   at Jsonata.Net.Native.JsonataQuery..ctor(String queryText) in f:\Projects\_NuGet\jsonata.net.native\src\Jsonata.Net.Native\JsonataQuery.cs:line 21
   at Jsonata.Net.Native.TestSuite.Tests.Test(CaseInfo caseInfo) in f:\Projects\_NuGet\jsonata.net.native\src\Jsonata.Net.Native.TestSuite\UnitTest1.cs:line 74]]></message>
                  </reason>
                  <output><![CDATA[Expr is '$.7'
]]></output>
                </test-case>
                <test-case id="0-2470" name="transform.case000" fullname="Jsonata.Net.Native.TestSuite.Tests.transform.case000" methodname="Test" classname="Jsonata.Net.Native.TestSuite.Tests" runstate="Runnable" seed="975491788" result="Passed" start-time="2021-10-30T22:08:25.2340344Z" end-time="2021-10-30T22:08:25.2464672Z" duration="0.012433" asserts="1">
                  <properties>
                    <property name="Description" value="expr: '{'Order': Account.Order.{  'ID': OrderID,  'Product': Product.{    'SKU': ProductID,    'Details': {      'Weight': Description.Weight,      'Dimensions': Description.(Width &amp; ' x ' &amp; Height &amp; ' x ' &amp; Depth)    }  },  'Total Price': $sum(Product.(Price * Quantity))}}';&#xA; result: {&quot;Order&quot;:[{&quot;ID&quot;:&quot;order103&quot;,&quot;Product&quot;:[{&quot;SKU&quot;:858383,&quot;Details&quot;:{&quot;Weight&quot;:0.75,&quot;Dimensions&quot;:&quot;300 x 200 x 210&quot;}},{&quot;SKU&quot;:858236,&quot;Details&quot;:{&quot;Weight&quot;:0.6,&quot;Dimensions&quot;:&quot;300 x 200 x 210&quot;}}],&quot;Total Price&quot;:90.57000000000001},{&quot;ID&quot;:&quot;order104&quot;,&quot;Product&quot;:[{&quot;SKU&quot;:858383,&quot;Details&quot;:{&quot;Weight&quot;:0.75,&quot;Dimensions&quot;:&quot;300 x 200 x 210&quot;}},{&quot;SKU&quot;:345664,&quot;Details&quot;:{&quot;Weight&quot;:2,&quot;Dimensions&quot;:&quot;30 x 20 x 210&quot;}}],&quot;Total Price&quot;:245.79000000000002}]}" />
                  </properties>
                  <output><![CDATA[Expr is '{'Order': Account.Order.{  'ID': OrderID,  'Product': Product.{    'SKU': ProductID,    'Details': {      'Weight': Description.Weight,      'Dimensions': Description.(Width & ' x ' & Height & ' x ' & Depth)    }  },  'Total Price': $sum(Product.(Price * Quantity))}}'
Result: '{"Order":[{"ID":"order103","Product":[{"SKU":858383,"Details":{"Weight":0.75,"Dimensions":"300 x 200 x 210"}},{"SKU":858236,"Details":{"Weight":0.6,"Dimensions":"300 x 200 x 210"}}],"Total Price":90.57000000000001},{"ID":"order104","Product":[{"SKU":858383,"Details":{"Weight":0.75,"Dimensions":"300 x 200 x 210"}},{"SKU":345664,"Details":{"Weight":2,"Dimensions":"30 x 20 x 210"}}],"Total Price":245.79000000000002}]}'
Expected: '{"Order":[{"ID":"order103","Product":[{"SKU":858383,"Details":{"Weight":0.75,"Dimensions":"300 x 200 x 210"}},{"SKU":858236,"Details":{"Weight":0.6,"Dimensions":"300 x 200 x 210"}}],"Total Price":90.57000000000001},{"ID":"order104","Product":[{"SKU":858383,"Details":{"Weight":0.75,"Dimensions":"300 x 200 x 210"}},{"SKU":345664,"Details":{"Weight":2,"Dimensions":"30 x 20 x 210"}}],"Total Price":245.79000000000002}]}'
]]></output>
                </test-case>
                <test-case id="0-2471" name="transform.case001" fullname="Jsonata.Net.Native.TestSuite.Tests.transform.case001" methodname="Test" classname="Jsonata.Net.Native.TestSuite.Tests" runstate="Runnable" seed="1156253727" result="Failed" label="Error" start-time="2021-10-30T22:08:25.2464896Z" end-time="2021-10-30T22:08:25.2572911Z" duration="0.010802" asserts="0">
                  <properties>
                    <property name="Description" value="expr: '&#xA;        (&#xA;          $tempReadings := $count(state.tempReadings) = 5 ?&#xA;              [state.tempReadings[[1..4]], event.t] :&#xA;              [state.tempReadings, event.t];&#xA;        &#xA;          {&#xA;            &quot;tempReadings&quot;: $tempReadings,&#xA;            &quot;sumTemperatures&quot;: $sum($tempReadings),&#xA;            &quot;avgTemperature&quot;: $average($tempReadings) ~&gt; $round(2),&#xA;            &quot;maxTemperature&quot;: $max($tempReadings),&#xA;            &quot;minTemperature&quot;: $min($tempReadings)&#xA;          }&#xA;        )';&#xA; result: {&quot;tempReadings&quot;:[28.9,28,28.2,28.4,28.4],&quot;sumTemperatures&quot;:141.9,&quot;avgTemperature&quot;:28.38,&quot;maxTemperature&quot;:28.9,&quot;minTemperature&quot;:28}" />
                  </properties>
                  <failure>
                    <message><![CDATA[Jsonata.Net.Native.JsonataException : T1006: Attempted to invoke a non-function 'undefined' got from '$average']]></message>
                    <stack-trace><![CDATA[   at Jsonata.Net.Native.Eval.EvalProcessor.evalFunctionCall(FunctionCallNode functionCallNode, JToken input, Environment env, JToken evalutedFirstArgFromApplication) in f:\Projects\_NuGet\jsonata.net.native\src\Jsonata.Net.Native\Eval\EvalProcessor.cs:line 255
   at Jsonata.Net.Native.Eval.EvalProcessor.EvalInternal(Node node, JToken input, Environment env) in f:\Projects\_NuGet\jsonata.net.native\src\Jsonata.Net.Native\Eval\EvalProcessor.cs:line 126
   at Jsonata.Net.Native.Eval.EvalProcessor.Eval(Node node, JToken input, Environment env) in f:\Projects\_NuGet\jsonata.net.native\src\Jsonata.Net.Native\Eval\EvalProcessor.cs:line 50
   at Jsonata.Net.Native.Eval.EvalProcessor.evalFunctionApplication(FunctionApplicationNode functionApplicationNode, JToken input, Environment env) in f:\Projects\_NuGet\jsonata.net.native\src\Jsonata.Net.Native\Eval\EvalProcessor.cs:line 172
   at Jsonata.Net.Native.Eval.EvalProcessor.EvalInternal(Node node, JToken input, Environment env) in f:\Projects\_NuGet\jsonata.net.native\src\Jsonata.Net.Native\Eval\EvalProcessor.cs:line 128
   at Jsonata.Net.Native.Eval.EvalProcessor.Eval(Node node, JToken input, Environment env) in f:\Projects\_NuGet\jsonata.net.native\src\Jsonata.Net.Native\Eval\EvalProcessor.cs:line 50
   at Jsonata.Net.Native.Eval.EvalProcessor.evalObject(ObjectNode objectNode, JToken input, Environment env) in f:\Projects\_NuGet\jsonata.net.native\src\Jsonata.Net.Native\Eval\EvalProcessor.cs:line 715
   at Jsonata.Net.Native.Eval.EvalProcessor.EvalInternal(Node node, JToken input, Environment env) in f:\Projects\_NuGet\jsonata.net.native\src\Jsonata.Net.Native\Eval\EvalProcessor.cs:line 96
   at Jsonata.Net.Native.Eval.EvalProcessor.Eval(Node node, JToken input, Environment env) in f:\Projects\_NuGet\jsonata.net.native\src\Jsonata.Net.Native\Eval\EvalProcessor.cs:line 50
   at Jsonata.Net.Native.Eval.EvalProcessor.evalBlock(BlockNode blockNode, JToken input, Environment env) in f:\Projects\_NuGet\jsonata.net.native\src\Jsonata.Net.Native\Eval\EvalProcessor.cs:line 245
   at Jsonata.Net.Native.Eval.EvalProcessor.EvalInternal(Node node, JToken input, Environment env) in f:\Projects\_NuGet\jsonata.net.native\src\Jsonata.Net.Native\Eval\EvalProcessor.cs:line 98
   at Jsonata.Net.Native.Eval.EvalProcessor.Eval(Node node, JToken input, Environment env) in f:\Projects\_NuGet\jsonata.net.native\src\Jsonata.Net.Native\Eval\EvalProcessor.cs:line 50
   at Jsonata.Net.Native.Eval.EvalProcessor.EvaluateJson(Node rootNode, JToken data, JObject bindings) in f:\Projects\_NuGet\jsonata.net.native\src\Jsonata.Net.Native\Eval\EvalProcessor.cs:line 36
   at Jsonata.Net.Native.JsonataQuery.Eval(JToken data, JObject bindings) in f:\Projects\_NuGet\jsonata.net.native\src\Jsonata.Net.Native\JsonataQuery.cs:line 39
   at Jsonata.Net.Native.TestSuite.Tests.Test(CaseInfo caseInfo) in f:\Projects\_NuGet\jsonata.net.native\src\Jsonata.Net.Native.TestSuite\UnitTest1.cs:line 75]]></stack-trace>
                  </failure>
                  <output><![CDATA[Expr is '
        (
          $tempReadings := $count(state.tempReadings) = 5 ?
              [state.tempReadings[[1..4]], event.t] :
              [state.tempReadings, event.t];
        
          {
            "tempReadings": $tempReadings,
            "sumTemperatures": $sum($tempReadings),
            "avgTemperature": $average($tempReadings) ~> $round(2),
            "maxTemperature": $max($tempReadings),
            "minTemperature": $min($tempReadings)
          }
        )'
]]></output>
                </test-case>
                <test-case id="0-2472" name="transform.case002" fullname="Jsonata.Net.Native.TestSuite.Tests.transform.case002" methodname="Test" classname="Jsonata.Net.Native.TestSuite.Tests" runstate="Runnable" seed="995812031" result="Passed" start-time="2021-10-30T22:08:25.2573128Z" end-time="2021-10-30T22:08:25.2574315Z" duration="0.000119" asserts="1">
                  <properties>
                    <property name="Description" value="expr: '$';&#xA; result: {&quot;output&quot;:{&quot;is&quot;:{&quot;same&quot;:{&quot;as&quot;:&quot;input&quot;}}}}" />
                  </properties>
                  <output><![CDATA[Expr is '$'
Result: '{"output":{"is":{"same":{"as":"input"}}}}'
Expected: '{"output":{"is":{"same":{"as":"input"}}}}'
]]></output>
                </test-case>
                <test-case id="0-2473" name="transform.case003" fullname="Jsonata.Net.Native.TestSuite.Tests.transform.case003" methodname="Test" classname="Jsonata.Net.Native.TestSuite.Tests" runstate="Runnable" seed="1659699629" result="Passed" start-time="2021-10-30T22:08:25.2574399Z" end-time="2021-10-30T22:08:25.2575202Z" duration="0.000081" asserts="1">
                  <properties>
                    <property name="Description" value="expr: 'foo';&#xA; result: {&quot;bar&quot;:42}" />
                  </properties>
                  <output><![CDATA[Expr is 'foo'
Result: '{"bar":42}'
Expected: '{"bar":42}'
]]></output>
                </test-case>
                <test-case id="0-2474" name="transform.case004" fullname="Jsonata.Net.Native.TestSuite.Tests.transform.case004" methodname="Test" classname="Jsonata.Net.Native.TestSuite.Tests" runstate="Runnable" seed="487559654" result="Passed" start-time="2021-10-30T22:08:25.2575281Z" end-time="2021-10-30T22:08:25.2576008Z" duration="0.000073" asserts="1">
                  <properties>
                    <property name="Description" value="expr: 'baz';&#xA; result: {&quot;gar&quot;:50}" />
                  </properties>
                  <output><![CDATA[Expr is 'baz'
Result: '{"gar":50}'
Expected: '{"gar":50}'
]]></output>
                </test-case>
                <test-case id="0-2475" name="transform.case005" fullname="Jsonata.Net.Native.TestSuite.Tests.transform.case005" methodname="Test" classname="Jsonata.Net.Native.TestSuite.Tests" runstate="Runnable" seed="583996628" result="Passed" start-time="2021-10-30T22:08:25.2576081Z" end-time="2021-10-30T22:08:25.2576859Z" duration="0.000078" asserts="1">
                  <properties>
                    <property name="Description" value="expr: 'Foo';&#xA; result: {&quot;mama&quot;:45}" />
                  </properties>
                  <output><![CDATA[Expr is 'Foo'
Result: '{"mama":45}'
Expected: '{"mama":45}'
]]></output>
                </test-case>
                <test-case id="0-2476" name="transform.case006" fullname="Jsonata.Net.Native.TestSuite.Tests.transform.case006" methodname="Test" classname="Jsonata.Net.Native.TestSuite.Tests" runstate="Runnable" seed="1402598358" result="Passed" start-time="2021-10-30T22:08:25.2576935Z" end-time="2021-10-30T22:08:25.2577644Z" duration="0.000071" asserts="1">
                  <properties>
                    <property name="Description" value="expr: 'food';&#xA; result: {&quot;wa&quot;:&quot;hume&quot;}" />
                  </properties>
                  <output><![CDATA[Expr is 'food'
Result: '{"wa":"hume"}'
Expected: '{"wa":"hume"}'
]]></output>
                </test-case>
                <test-case id="0-2477" name="transform.case007" fullname="Jsonata.Net.Native.TestSuite.Tests.transform.case007" methodname="Test" classname="Jsonata.Net.Native.TestSuite.Tests" runstate="Runnable" seed="386681884" result="Passed" start-time="2021-10-30T22:08:25.2577732Z" end-time="2021-10-30T22:08:25.2578743Z" duration="0.000101" asserts="1">
                  <properties>
                    <property name="Description" value="expr: 'maz.rar';&#xA; result: 42" />
                  </properties>
                  <output><![CDATA[Expr is 'maz.rar'
Result: '42'
Expected: '42'
]]></output>
                </test-case>
                <test-case id="0-2478" name="transform.case008" fullname="Jsonata.Net.Native.TestSuite.Tests.transform.case008" methodname="Test" classname="Jsonata.Net.Native.TestSuite.Tests" runstate="Runnable" seed="1689361759" result="Passed" start-time="2021-10-30T22:08:25.2578849Z" end-time="2021-10-30T22:08:25.2579724Z" duration="0.000088" asserts="1">
                  <properties>
                    <property name="Description" value="expr: 'jee.par.waa';&#xA; result: {&quot;bar&quot;:87}" />
                  </properties>
                  <output><![CDATA[Expr is 'jee.par.waa'
Result: '{"bar":87}'
Expected: '{"bar":87}'
]]></output>
                </test-case>
                <test-case id="0-2479" name="transform.case009" fullname="Jsonata.Net.Native.TestSuite.Tests.transform.case009" methodname="Test" classname="Jsonata.Net.Native.TestSuite.Tests" runstate="Runnable" seed="1497938936" result="Passed" start-time="2021-10-30T22:08:25.2579806Z" end-time="2021-10-30T22:08:25.2580485Z" duration="0.000068" asserts="1">
                  <properties>
                    <property name="Description" value="expr: 'foo';&#xA; result: undefined" />
                  </properties>
                  <output><![CDATA[Expr is 'foo'
Result: 'undefined'
Expected 'undefined'
]]></output>
                </test-case>
                <test-case id="0-2480" name="transform.case010" fullname="Jsonata.Net.Native.TestSuite.Tests.transform.case010" methodname="Test" classname="Jsonata.Net.Native.TestSuite.Tests" runstate="Runnable" seed="1330428328" result="Passed" start-time="2021-10-30T22:08:25.2580563Z" end-time="2021-10-30T22:08:25.2581230Z" duration="0.000067" asserts="1">
                  <properties>
                    <property name="Description" value="expr: 'foo.bar';&#xA; result: undefined" />
                  </properties>
                  <output><![CDATA[Expr is 'foo.bar'
Result: 'undefined'
Expected 'undefined'
]]></output>
                </test-case>
                <test-case id="0-2481" name="transform.case011" fullname="Jsonata.Net.Native.TestSuite.Tests.transform.case011" methodname="Test" classname="Jsonata.Net.Native.TestSuite.Tests" runstate="Runnable" seed="1560148558" result="Passed" start-time="2021-10-30T22:08:25.2581303Z" end-time="2021-10-30T22:08:25.2582347Z" duration="0.000105" asserts="1">
                  <properties>
                    <property name="Description" value="expr: '$';&#xA; result: &quot;foo&quot;" />
                  </properties>
                  <output><![CDATA[Expr is '$'
Result: '"foo"'
Expected: '"foo"'
]]></output>
                </test-case>
                <test-case id="0-2482" name="transform.case012" fullname="Jsonata.Net.Native.TestSuite.Tests.transform.case012" methodname="Test" classname="Jsonata.Net.Native.TestSuite.Tests" runstate="Runnable" seed="1652140859" result="Passed" start-time="2021-10-30T22:08:25.2583187Z" end-time="2021-10-30T22:08:25.2597054Z" duration="0.001387" asserts="1">
                  <properties>
                    <property name="Description" value="expr: 'bar';&#xA; result: &quot;foo&quot;" />
                  </properties>
                  <output><![CDATA[Expr is 'bar'
Result: '"foo"'
Expected: '"foo"'
]]></output>
                </test-case>
                <test-case id="0-2483" name="transform.case013" fullname="Jsonata.Net.Native.TestSuite.Tests.transform.case013" methodname="Test" classname="Jsonata.Net.Native.TestSuite.Tests" runstate="Runnable" seed="865403940" result="Passed" start-time="2021-10-30T22:08:25.2599992Z" end-time="2021-10-30T22:08:25.2601272Z" duration="0.000128" asserts="1">
                  <properties>
                    <property name="Description" value="expr: '$';&#xA; result: 6754322" />
                  </properties>
                  <output><![CDATA[Expr is '$'
Result: '6754322'
Expected: '6754322'
]]></output>
                </test-case>
                <test-case id="0-2484" name="transform.case014" fullname="Jsonata.Net.Native.TestSuite.Tests.transform.case014" methodname="Test" classname="Jsonata.Net.Native.TestSuite.Tests" runstate="Runnable" seed="682190598" result="Passed" start-time="2021-10-30T22:08:25.2604607Z" end-time="2021-10-30T22:08:25.2605588Z" duration="0.000098" asserts="1">
                  <properties>
                    <property name="Description" value="expr: '$';&#xA; result: 0" />
                  </properties>
                  <output><![CDATA[Expr is '$'
Result: '0'
Expected: '0'
]]></output>
                </test-case>
                <test-case id="0-2485" name="transform.case015" fullname="Jsonata.Net.Native.TestSuite.Tests.transform.case015" methodname="Test" classname="Jsonata.Net.Native.TestSuite.Tests" runstate="Runnable" seed="480146534" result="Passed" start-time="2021-10-30T22:08:25.2605887Z" end-time="2021-10-30T22:08:25.2606545Z" duration="0.000066" asserts="1">
                  <properties>
                    <property name="Description" value="expr: '$';&#xA; result: -24" />
                  </properties>
                  <output><![CDATA[Expr is '$'
Result: '-24'
Expected: '-24'
]]></output>
                </test-case>
                <test-case id="0-2486" name="transform.case016" fullname="Jsonata.Net.Native.TestSuite.Tests.transform.case016" methodname="Test" classname="Jsonata.Net.Native.TestSuite.Tests" runstate="Runnable" seed="9293866" result="Passed" start-time="2021-10-30T22:08:25.2606784Z" end-time="2021-10-30T22:08:25.2607741Z" duration="0.000096" asserts="1">
                  <properties>
                    <property name="Description" value="expr: 'bar';&#xA; result: 6.54" />
                  </properties>
                  <output><![CDATA[Expr is 'bar'
Result: '6.54'
Expected: '6.54'
]]></output>
                </test-case>
                <test-case id="0-2487" name="transform.case017" fullname="Jsonata.Net.Native.TestSuite.Tests.transform.case017" methodname="Test" classname="Jsonata.Net.Native.TestSuite.Tests" runstate="Runnable" seed="1221284410" result="Passed" start-time="2021-10-30T22:08:25.2607901Z" end-time="2021-10-30T22:08:25.2608737Z" duration="0.000084" asserts="1">
                  <properties>
                    <property name="Description" value="expr: '$';&#xA; result: true" />
                  </properties>
                  <output><![CDATA[Expr is '$'
Result: 'true'
Expected: 'true'
]]></output>
                </test-case>
                <test-case id="0-2488" name="transform.case018" fullname="Jsonata.Net.Native.TestSuite.Tests.transform.case018" methodname="Test" classname="Jsonata.Net.Native.TestSuite.Tests" runstate="Runnable" seed="295054685" result="Passed" start-time="2021-10-30T22:08:25.2608830Z" end-time="2021-10-30T22:08:25.2609561Z" duration="0.000073" asserts="1">
                  <properties>
                    <property name="Description" value="expr: 'bar';&#xA; result: false" />
                  </properties>
                  <output><![CDATA[Expr is 'bar'
Result: 'false'
Expected: 'false'
]]></output>
                </test-case>
                <test-case id="0-2489" name="transform.case019" fullname="Jsonata.Net.Native.TestSuite.Tests.transform.case019" methodname="Test" classname="Jsonata.Net.Native.TestSuite.Tests" runstate="Runnable" seed="1563776557" result="Passed" start-time="2021-10-30T22:08:25.2609639Z" end-time="2021-10-30T22:08:25.2610264Z" duration="0.000062" asserts="1">
                  <properties>
                    <property name="Description" value="expr: '$';&#xA; result: null" />
                  </properties>
                  <output><![CDATA[Expr is '$'
Result: 'null'
Expected: 'null'
]]></output>
                </test-case>
                <test-case id="0-2490" name="transform.case020" fullname="Jsonata.Net.Native.TestSuite.Tests.transform.case020" methodname="Test" classname="Jsonata.Net.Native.TestSuite.Tests" runstate="Runnable" seed="897405298" result="Passed" start-time="2021-10-30T22:08:25.2610337Z" end-time="2021-10-30T22:08:25.2610983Z" duration="0.000065" asserts="1">
                  <properties>
                    <property name="Description" value="expr: 'bar';&#xA; result: null" />
                  </properties>
                  <output><![CDATA[Expr is 'bar'
Result: 'null'
Expected: 'null'
]]></output>
                </test-case>
                <test-case id="0-2491" name="transform.case021" fullname="Jsonata.Net.Native.TestSuite.Tests.transform.case021" methodname="Test" classname="Jsonata.Net.Native.TestSuite.Tests" runstate="Runnable" seed="313673226" result="Passed" start-time="2021-10-30T22:08:25.2611055Z" end-time="2021-10-30T22:08:25.2611695Z" duration="0.000064" asserts="1">
                  <properties>
                    <property name="Description" value="expr: 'bar';&#xA; result: undefined" />
                  </properties>
                  <output><![CDATA[Expr is 'bar'
Result: 'undefined'
Expected 'undefined'
]]></output>
                </test-case>
                <test-case id="0-2492" name="transform.case022" fullname="Jsonata.Net.Native.TestSuite.Tests.transform.case022" methodname="Test" classname="Jsonata.Net.Native.TestSuite.Tests" runstate="Runnable" seed="217161485" result="Passed" start-time="2021-10-30T22:08:25.2611952Z" end-time="2021-10-30T22:08:25.2612574Z" duration="0.000062" asserts="1">
                  <properties>
                    <property name="Description" value="expr: '$';&#xA; result: undefined" />
                  </properties>
                  <output><![CDATA[Expr is '$'
Result: 'undefined'
Expected 'undefined'
]]></output>
                </test-case>
                <test-case id="0-2493" name="transform.case023" fullname="Jsonata.Net.Native.TestSuite.Tests.transform.case023" methodname="Test" classname="Jsonata.Net.Native.TestSuite.Tests" runstate="Runnable" seed="1349231511" result="Passed" start-time="2021-10-30T22:08:25.2612646Z" end-time="2021-10-30T22:08:25.2613316Z" duration="0.000067" asserts="1">
                  <properties>
                    <property name="Description" value="expr: 'bar';&#xA; result: &quot;\&quot;Hello\&quot;&quot;" />
                  </properties>
                  <output><![CDATA[Expr is 'bar'
Result: '"\"Hello\""'
Expected: '"\"Hello\""'
]]></output>
                </test-case>
                <test-case id="0-2494" name="transform.case024" fullname="Jsonata.Net.Native.TestSuite.Tests.transform.case024" methodname="Test" classname="Jsonata.Net.Native.TestSuite.Tests" runstate="Runnable" seed="1532880122" result="Passed" start-time="2021-10-30T22:08:25.2613389Z" end-time="2021-10-30T22:08:25.2614011Z" duration="0.000062" asserts="1">
                  <properties>
                    <property name="Description" value="expr: '$';&#xA; result: &quot;\&quot;Hello\&quot;&quot;" />
                  </properties>
                  <output><![CDATA[Expr is '$'
Result: '"\"Hello\""'
Expected: '"\"Hello\""'
]]></output>
                </test-case>
                <test-case id="0-2495" name="transform.case025" fullname="Jsonata.Net.Native.TestSuite.Tests.transform.case025" methodname="Test" classname="Jsonata.Net.Native.TestSuite.Tests" runstate="Runnable" seed="205365469" result="Passed" start-time="2021-10-30T22:08:25.2614086Z" end-time="2021-10-30T22:08:25.2614678Z" duration="0.000059" asserts="1">
                  <properties>
                    <property name="Description" value="expr: 'bar';&#xA; result: &quot;'Hello'&quot;" />
                  </properties>
                  <output><![CDATA[Expr is 'bar'
Result: '"'Hello'"'
Expected: '"'Hello'"'
]]></output>
                </test-case>
                <test-case id="0-2496" name="transform.case026" fullname="Jsonata.Net.Native.TestSuite.Tests.transform.case026" methodname="Test" classname="Jsonata.Net.Native.TestSuite.Tests" runstate="Runnable" seed="1457880130" result="Passed" start-time="2021-10-30T22:08:25.2614795Z" end-time="2021-10-30T22:08:25.2615417Z" duration="0.000062" asserts="1">
                  <properties>
                    <property name="Description" value="expr: '$';&#xA; result: &quot;'Hello'&quot;" />
                  </properties>
                  <output><![CDATA[Expr is '$'
Result: '"'Hello'"'
Expected: '"'Hello'"'
]]></output>
                </test-case>
                <test-case id="0-2497" name="transform.case027" fullname="Jsonata.Net.Native.TestSuite.Tests.transform.case027" methodname="Test" classname="Jsonata.Net.Native.TestSuite.Tests" runstate="Runnable" seed="1427689094" result="Passed" start-time="2021-10-30T22:08:25.2615490Z" end-time="2021-10-30T22:08:25.2617404Z" duration="0.000192" asserts="1">
                  <properties>
                    <property name="Description" value="expr: '$lowercase(Salutation)';&#xA; result: &quot;mr&quot;" />
                  </properties>
                  <output><![CDATA[Expr is '$lowercase(Salutation)'
Result: '"mr"'
Expected: '"mr"'
]]></output>
                </test-case>
                <test-case id="0-2498" name="transform.case028" fullname="Jsonata.Net.Native.TestSuite.Tests.transform.case028" methodname="Test" classname="Jsonata.Net.Native.TestSuite.Tests" runstate="Runnable" seed="2142727321" result="Passed" start-time="2021-10-30T22:08:25.2617491Z" end-time="2021-10-30T22:08:25.2618617Z" duration="0.000113" asserts="1">
                  <properties>
                    <property name="Description" value="expr: '$lowercase(敷)';&#xA; result: &quot;steve&quot;" />
                  </properties>
                  <output><![CDATA[Expr is '$lowercase(敷)'
Result: '"steve"'
Expected: '"steve"'
]]></output>
                </test-case>
                <test-case id="0-2499" name="transform.case029" fullname="Jsonata.Net.Native.TestSuite.Tests.transform.case029" methodname="Test" classname="Jsonata.Net.Native.TestSuite.Tests" runstate="Runnable" seed="308626857" result="Passed" start-time="2021-10-30T22:08:25.2618804Z" end-time="2021-10-30T22:08:25.2619921Z" duration="0.000112" asserts="1">
                  <properties>
                    <property name="Description" value="expr: '$lowercase(Español)';&#xA; result: &quot;/ˈspænɪʃ/&quot;" />
                  </properties>
                  <output><![CDATA[Expr is '$lowercase(Español)'
Result: '"/ˈspænɪʃ/"'
Expected: '"/ˈspænɪʃ/"'
]]></output>
                </test-case>
                <test-case id="0-2500" name="transform.case030" fullname="Jsonata.Net.Native.TestSuite.Tests.transform.case030" methodname="Test" classname="Jsonata.Net.Native.TestSuite.Tests" runstate="Runnable" seed="852020664" result="Passed" start-time="2021-10-30T22:08:25.2620000Z" end-time="2021-10-30T22:08:25.2621268Z" duration="0.000127" asserts="1">
                  <properties>
                    <property name="Description" value="expr: '$lowercase($.&quot;NI.Number&quot;)';&#xA; result: &quot;no10furbzness&quot;" />
                  </properties>
                  <output><![CDATA[Expr is '$lowercase($."NI.Number")'
Result: '"no10furbzness"'
Expected: '"no10furbzness"'
]]></output>
                </test-case>
                <test-case id="0-2501" name="transform.case031" fullname="Jsonata.Net.Native.TestSuite.Tests.transform.case031" methodname="Test" classname="Jsonata.Net.Native.TestSuite.Tests" runstate="Runnable" seed="2040510119" result="Passed" start-time="2021-10-30T22:08:25.2621379Z" end-time="2021-10-30T22:08:25.2622508Z" duration="0.000113" asserts="1">
                  <properties>
                    <property name="Description" value="expr: '$lowercase(&quot;COMPENSATION IS : &quot; &amp; Employment.&quot;Executive.Compensation&quot;)';&#xA; result: &quot;compensation is : 1400000&quot;" />
                  </properties>
                  <output><![CDATA[Expr is '$lowercase("COMPENSATION IS : " & Employment."Executive.Compensation")'
Result: '"compensation is : 1400000"'
Expected: '"compensation is : 1400000"'
]]></output>
                </test-case>
                <test-case id="0-2502" name="transform.case032" fullname="Jsonata.Net.Native.TestSuite.Tests.transform.case032" methodname="Test" classname="Jsonata.Net.Native.TestSuite.Tests" runstate="Runnable" seed="1846044022" result="Passed" start-time="2021-10-30T22:08:25.2622587Z" end-time="2021-10-30T22:08:25.2623399Z" duration="0.000082" asserts="1">
                  <properties>
                    <property name="Description" value="expr: '&quot;Hello&quot;';&#xA; result: &quot;Hello&quot;" />
                  </properties>
                  <output><![CDATA[Expr is '"Hello"'
Result: '"Hello"'
Expected: '"Hello"'
]]></output>
                </test-case>
                <test-case id="0-2503" name="transform.case033" fullname="Jsonata.Net.Native.TestSuite.Tests.transform.case033" methodname="Test" classname="Jsonata.Net.Native.TestSuite.Tests" runstate="Runnable" seed="1655948800" result="Passed" start-time="2021-10-30T22:08:25.2623477Z" end-time="2021-10-30T22:08:25.2625291Z" duration="0.000181" asserts="1">
                  <properties>
                    <property name="Description" value="expr: '$uppercase(Salutation)';&#xA; result: &quot;MR&quot;" />
                  </properties>
                  <output><![CDATA[Expr is '$uppercase(Salutation)'
Result: '"MR"'
Expected: '"MR"'
]]></output>
                </test-case>
                <test-case id="0-2504" name="transform.case034" fullname="Jsonata.Net.Native.TestSuite.Tests.transform.case034" methodname="Test" classname="Jsonata.Net.Native.TestSuite.Tests" runstate="Runnable" seed="511784803" result="Passed" start-time="2021-10-30T22:08:25.2625376Z" end-time="2021-10-30T22:08:25.2626282Z" duration="0.000091" asserts="1">
                  <properties>
                    <property name="Description" value="expr: '$uppercase(&quot;Hello World&quot;)';&#xA; result: &quot;HELLO WORLD&quot;" />
                  </properties>
                  <output><![CDATA[Expr is '$uppercase("Hello World")'
Result: '"HELLO WORLD"'
Expected: '"HELLO WORLD"'
]]></output>
                </test-case>
                <test-case id="0-2505" name="transform.case035" fullname="Jsonata.Net.Native.TestSuite.Tests.transform.case035" methodname="Test" classname="Jsonata.Net.Native.TestSuite.Tests" runstate="Runnable" seed="1680996382" result="Passed" start-time="2021-10-30T22:08:25.2626363Z" end-time="2021-10-30T22:08:25.2627190Z" duration="0.000083" asserts="1">
                  <properties>
                    <property name="Description" value="expr: '$uppercase(&quot;鯵噂ソ竹&quot;)';&#xA; result: &quot;鯵噂ソ竹&quot;" />
                  </properties>
                  <output><![CDATA[Expr is '$uppercase("鯵噂ソ竹")'
Result: '"鯵噂ソ竹"'
Expected: '"鯵噂ソ竹"'
]]></output>
                </test-case>
                <test-case id="0-2506" name="transform.case036" fullname="Jsonata.Net.Native.TestSuite.Tests.transform.case036" methodname="Test" classname="Jsonata.Net.Native.TestSuite.Tests" runstate="Runnable" seed="1169710788" result="Passed" start-time="2021-10-30T22:08:25.2627269Z" end-time="2021-10-30T22:08:25.2628346Z" duration="0.000108" asserts="1">
                  <properties>
                    <property name="Description" value="expr: 'Employment.Name &amp; &quot; is happy&quot;';&#xA; result: &quot;IBM UK is happy&quot;" />
                  </properties>
                  <output><![CDATA[Expr is 'Employment.Name & " is happy"'
Result: '"IBM UK is happy"'
Expected: '"IBM UK is happy"'
]]></output>
                </test-case>
                <test-case id="0-2507" name="transform.case037" fullname="Jsonata.Net.Native.TestSuite.Tests.transform.case037" methodname="Test" classname="Jsonata.Net.Native.TestSuite.Tests" runstate="Runnable" seed="1286927127" result="Passed" start-time="2021-10-30T22:08:25.2628422Z" end-time="2021-10-30T22:08:25.2629759Z" duration="0.000134" asserts="1">
                  <properties>
                    <property name="Description" value="expr: 'Employment.Name &amp; &quot; is pleased to employ &quot; &amp; Salutation &amp; &quot; &quot; &amp; Surname';&#xA; result: &quot;IBM UK is pleased to employ Mr Smith&quot;" />
                  </properties>
                  <output><![CDATA[Expr is 'Employment.Name & " is pleased to employ " & Salutation & " " & Surname'
Result: '"IBM UK is pleased to employ Mr Smith"'
Expected: '"IBM UK is pleased to employ Mr Smith"'
]]></output>
                </test-case>
                <test-case id="0-2508" name="transform.case038" fullname="Jsonata.Net.Native.TestSuite.Tests.transform.case038" methodname="Test" classname="Jsonata.Net.Native.TestSuite.Tests" runstate="Runnable" seed="642265871" result="Passed" start-time="2021-10-30T22:08:25.2629838Z" end-time="2021-10-30T22:08:25.2636280Z" duration="0.000645" asserts="1">
                  <properties>
                    <property name="Description" value="expr: '$uppercase(&quot;Hello &quot; &amp; Salutation &amp; &quot; &quot; &amp; Surname)';&#xA; result: &quot;HELLO MR SMITH&quot;" />
                  </properties>
                  <output><![CDATA[Expr is '$uppercase("Hello " & Salutation & " " & Surname)'
Result: '"HELLO MR SMITH"'
Expected: '"HELLO MR SMITH"'
]]></output>
                </test-case>
                <test-case id="0-2509" name="transform.case039" fullname="Jsonata.Net.Native.TestSuite.Tests.transform.case039" methodname="Test" classname="Jsonata.Net.Native.TestSuite.Tests" runstate="Runnable" seed="783070446" result="Passed" start-time="2021-10-30T22:08:25.2636446Z" end-time="2021-10-30T22:08:25.2638248Z" duration="0.000181" asserts="1">
                  <properties>
                    <property name="Description" value="expr: '$uppercase(Salutation &amp; &quot; &quot; &amp; Surname &amp; &quot; - has &quot; &amp; Cars &amp; &quot; registered cars&quot;)';&#xA; result: &quot;MR SMITH - HAS 3 REGISTERED CARS&quot;" />
                  </properties>
                  <output><![CDATA[Expr is '$uppercase(Salutation & " " & Surname & " - has " & Cars & " registered cars")'
Result: '"MR SMITH - HAS 3 REGISTERED CARS"'
Expected: '"MR SMITH - HAS 3 REGISTERED CARS"'
]]></output>
                </test-case>
                <test-case id="0-2510" name="transform.case040" fullname="Jsonata.Net.Native.TestSuite.Tests.transform.case040" methodname="Test" classname="Jsonata.Net.Native.TestSuite.Tests" runstate="Runnable" seed="1718885893" result="Passed" start-time="2021-10-30T22:08:25.2638335Z" end-time="2021-10-30T22:08:25.2639428Z" duration="0.000109" asserts="1">
                  <properties>
                    <property name="Description" value="expr: '$uppercase(Employment.ContractType)';&#xA; result: &quot;PERMANENT&quot;" />
                  </properties>
                  <output><![CDATA[Expr is '$uppercase(Employment.ContractType)'
Result: '"PERMANENT"'
Expected: '"PERMANENT"'
]]></output>
                </test-case>
                <test-case id="0-2511" name="transform.case041" fullname="Jsonata.Net.Native.TestSuite.Tests.transform.case041" methodname="Test" classname="Jsonata.Net.Native.TestSuite.Tests" runstate="Runnable" seed="1841103460" result="Passed" start-time="2021-10-30T22:08:25.2639507Z" end-time="2021-10-30T22:08:25.2641541Z" duration="0.000203" asserts="1">
                  <properties>
                    <property name="Description" value="expr: '$substringBefore(&quot;Hola&quot;, &quot;l&quot;)';&#xA; result: &quot;Ho&quot;" />
                  </properties>
                  <output><![CDATA[Expr is '$substringBefore("Hola", "l")'
Result: '"Ho"'
Expected: '"Ho"'
]]></output>
                </test-case>
                <test-case id="0-2512" name="transform.case042" fullname="Jsonata.Net.Native.TestSuite.Tests.transform.case042" methodname="Test" classname="Jsonata.Net.Native.TestSuite.Tests" runstate="Runnable" seed="1173990916" result="Passed" start-time="2021-10-30T22:08:25.2641671Z" end-time="2021-10-30T22:08:25.2642607Z" duration="0.000094" asserts="1">
                  <properties>
                    <property name="Description" value="expr: '$substringBefore(&quot;Hola&quot;, 'l')';&#xA; result: &quot;Ho&quot;" />
                  </properties>
                  <output><![CDATA[Expr is '$substringBefore("Hola", 'l')'
Result: '"Ho"'
Expected: '"Ho"'
]]></output>
                </test-case>
                <test-case id="0-2513" name="transform.case043" fullname="Jsonata.Net.Native.TestSuite.Tests.transform.case043" methodname="Test" classname="Jsonata.Net.Native.TestSuite.Tests" runstate="Runnable" seed="1304772766" result="Passed" start-time="2021-10-30T22:08:25.2642685Z" end-time="2021-10-30T22:08:25.2643558Z" duration="0.000087" asserts="1">
                  <properties>
                    <property name="Description" value="expr: '$substringBefore(&quot;Hola&quot;, &quot;Q&quot;)';&#xA; result: &quot;Hola&quot;" />
                  </properties>
                  <output><![CDATA[Expr is '$substringBefore("Hola", "Q")'
Result: '"Hola"'
Expected: '"Hola"'
]]></output>
                </test-case>
                <test-case id="0-2514" name="transform.case044" fullname="Jsonata.Net.Native.TestSuite.Tests.transform.case044" methodname="Test" classname="Jsonata.Net.Native.TestSuite.Tests" runstate="Runnable" seed="1426946498" result="Passed" start-time="2021-10-30T22:08:25.2643630Z" end-time="2021-10-30T22:08:25.2644463Z" duration="0.000083" asserts="1">
                  <properties>
                    <property name="Description" value="expr: '$substringBefore(&quot;Hola&quot;, &quot;&quot;)';&#xA; result: &quot;&quot;" />
                  </properties>
                  <output><![CDATA[Expr is '$substringBefore("Hola", "")'
Result: '""'
Expected: '""'
]]></output>
                </test-case>
                <test-case id="0-2515" name="transform.case045" fullname="Jsonata.Net.Native.TestSuite.Tests.transform.case045" methodname="Test" classname="Jsonata.Net.Native.TestSuite.Tests" runstate="Runnable" seed="528660195" result="Passed" start-time="2021-10-30T22:08:25.2644536Z" end-time="2021-10-30T22:08:25.2645595Z" duration="0.000106" asserts="1">
                  <properties>
                    <property name="Description" value="expr: '$substringBefore(&quot;鯵噂ソ竹&quot;, &quot;ソ&quot;)';&#xA; result: &quot;鯵噂&quot;" />
                  </properties>
                  <output><![CDATA[Expr is '$substringBefore("鯵噂ソ竹", "ソ")'
Result: '"鯵噂"'
Expected: '"鯵噂"'
]]></output>
                </test-case>
                <test-case id="0-2516" name="transform.case046" fullname="Jsonata.Net.Native.TestSuite.Tests.transform.case046" methodname="Test" classname="Jsonata.Net.Native.TestSuite.Tests" runstate="Runnable" seed="306821403" result="Passed" start-time="2021-10-30T22:08:25.2645674Z" end-time="2021-10-30T22:08:25.2647588Z" duration="0.000191" asserts="1">
                  <properties>
                    <property name="Description" value="expr: '$substringAfter(&quot;Coca&quot; &amp; &quot;Cola&quot;, &quot;ca&quot;)';&#xA; result: &quot;Cola&quot;" />
                  </properties>
                  <output><![CDATA[Expr is '$substringAfter("Coca" & "Cola", "ca")'
Result: '"Cola"'
Expected: '"Cola"'
]]></output>
                </test-case>
                <test-case id="0-2517" name="transform.case047" fullname="Jsonata.Net.Native.TestSuite.Tests.transform.case047" methodname="Test" classname="Jsonata.Net.Native.TestSuite.Tests" runstate="Runnable" seed="1395743118" result="Passed" start-time="2021-10-30T22:08:25.2647672Z" end-time="2021-10-30T22:08:25.2650667Z" duration="0.000300" asserts="1">
                  <properties>
                    <property name="Description" value="expr: '$substringAfter(Salutation &amp; &quot; &quot; &amp; MiddleName &amp;&quot; &quot; &amp; Surname, MiddleName)';&#xA; result: &quot; Smith&quot;" />
                  </properties>
                  <output><![CDATA[Expr is '$substringAfter(Salutation & " " & MiddleName &" " & Surname, MiddleName)'
Result: '" Smith"'
Expected: '" Smith"'
]]></output>
                </test-case>
                <test-case id="0-2518" name="transform.case048" fullname="Jsonata.Net.Native.TestSuite.Tests.transform.case048" methodname="Test" classname="Jsonata.Net.Native.TestSuite.Tests" runstate="Runnable" seed="1470851467" result="Passed" start-time="2021-10-30T22:08:25.2650911Z" end-time="2021-10-30T22:08:25.2652484Z" duration="0.000157" asserts="1">
                  <properties>
                    <property name="Description" value="expr: '$substringAfter(Salutation &amp; &quot; &quot; &amp; Employment.Role, Salutation)';&#xA; result: &quot; Senior Physician&quot;" />
                  </properties>
                  <output><![CDATA[Expr is '$substringAfter(Salutation & " " & Employment.Role, Salutation)'
Result: '" Senior Physician"'
Expected: '" Senior Physician"'
]]></output>
                </test-case>
                <test-case id="0-2519" name="transform.case049" fullname="Jsonata.Net.Native.TestSuite.Tests.transform.case049" methodname="Test" classname="Jsonata.Net.Native.TestSuite.Tests" runstate="Runnable" seed="683671836" result="Passed" start-time="2021-10-30T22:08:25.2652614Z" end-time="2021-10-30T22:08:25.2653516Z" duration="0.000091" asserts="1">
                  <properties>
                    <property name="Description" value="expr: '$substringAfter(&quot;Hola&quot;, 'l')';&#xA; result: &quot;a&quot;" />
                  </properties>
                  <output><![CDATA[Expr is '$substringAfter("Hola", 'l')'
Result: '"a"'
Expected: '"a"'
]]></output>
                </test-case>
                <test-case id="0-2520" name="transform.case050" fullname="Jsonata.Net.Native.TestSuite.Tests.transform.case050" methodname="Test" classname="Jsonata.Net.Native.TestSuite.Tests" runstate="Runnable" seed="366964476" result="Passed" start-time="2021-10-30T22:08:25.2653595Z" end-time="2021-10-30T22:08:25.2654443Z" duration="0.000085" asserts="1">
                  <properties>
                    <property name="Description" value="expr: '$substringAfter(&quot;Hola&quot;, &quot;Q&quot;)';&#xA; result: &quot;Hola&quot;" />
                  </properties>
                  <output><![CDATA[Expr is '$substringAfter("Hola", "Q")'
Result: '"Hola"'
Expected: '"Hola"'
]]></output>
                </test-case>
                <test-case id="0-2521" name="transform.case051" fullname="Jsonata.Net.Native.TestSuite.Tests.transform.case051" methodname="Test" classname="Jsonata.Net.Native.TestSuite.Tests" runstate="Runnable" seed="1583690912" result="Passed" start-time="2021-10-30T22:08:25.2654522Z" end-time="2021-10-30T22:08:25.2655901Z" duration="0.000138" asserts="1">
                  <properties>
                    <property name="Description" value="expr: '$lowercase(Employment.Role) &amp; &quot; (&quot; &amp; Employment.Role &amp; &quot;)&quot;';&#xA; result: &quot;senior physician (Senior Physician)&quot;" />
                  </properties>
                  <output><![CDATA[Expr is '$lowercase(Employment.Role) & " (" & Employment.Role & ")"'
Result: '"senior physician (Senior Physician)"'
Expected: '"senior physician (Senior Physician)"'
]]></output>
                </test-case>
                <test-case id="0-2522" name="transform.case052" fullname="Jsonata.Net.Native.TestSuite.Tests.transform.case052" methodname="Test" classname="Jsonata.Net.Native.TestSuite.Tests" runstate="Runnable" seed="2093133804" result="Passed" start-time="2021-10-30T22:08:25.2656013Z" end-time="2021-10-30T22:08:25.2657024Z" duration="0.000101" asserts="1">
                  <properties>
                    <property name="Description" value="expr: 'Employment.Years &amp; &quot; years of employment&quot;';&#xA; result: &quot;12 years of employment&quot;" />
                  </properties>
                  <output><![CDATA[Expr is 'Employment.Years & " years of employment"'
Result: '"12 years of employment"'
Expected: '"12 years of employment"'
]]></output>
                </test-case>
                <test-case id="0-2523" name="transform.case053" fullname="Jsonata.Net.Native.TestSuite.Tests.transform.case053" methodname="Test" classname="Jsonata.Net.Native.TestSuite.Tests" runstate="Runnable" seed="1235873148" result="Passed" start-time="2021-10-30T22:08:25.2657100Z" end-time="2021-10-30T22:08:25.2664148Z" duration="0.000705" asserts="1">
                  <properties>
                    <property name="Description" value="expr: '$uppercase(Salutation &amp; &quot; &quot; &amp; Surname &amp; &quot; - has &quot; &amp; Employment.Years &amp; &quot; years of employment&quot;)';&#xA; result: &quot;MR SMITH - HAS 12 YEARS OF EMPLOYMENT&quot;" />
                  </properties>
                  <output><![CDATA[Expr is '$uppercase(Salutation & " " & Surname & " - has " & Employment.Years & " years of employment")'
Result: '"MR SMITH - HAS 12 YEARS OF EMPLOYMENT"'
Expected: '"MR SMITH - HAS 12 YEARS OF EMPLOYMENT"'
]]></output>
                </test-case>
                <test-case id="0-2524" name="transform.case054" fullname="Jsonata.Net.Native.TestSuite.Tests.transform.case054" methodname="Test" classname="Jsonata.Net.Native.TestSuite.Tests" runstate="Runnable" seed="1123772703" result="Passed" start-time="2021-10-30T22:08:25.2664435Z" end-time="2021-10-30T22:08:25.2667457Z" duration="0.000302" asserts="1">
                  <properties>
                    <property name="Description" value="expr: '$substring(Employment.Role, 7,4)';&#xA; result: &quot;Phys&quot;" />
                  </properties>
                  <output><![CDATA[Expr is '$substring(Employment.Role, 7,4)'
Result: '"Phys"'
Expected: '"Phys"'
]]></output>
                </test-case>
                <test-case id="0-2525" name="transform.case055" fullname="Jsonata.Net.Native.TestSuite.Tests.transform.case055" methodname="Test" classname="Jsonata.Net.Native.TestSuite.Tests" runstate="Runnable" seed="661818562" result="Passed" start-time="2021-10-30T22:08:25.2667553Z" end-time="2021-10-30T22:08:25.2673295Z" duration="0.000574" asserts="1">
                  <properties>
                    <property name="Description" value="expr: '$substring(Employment.Role, -4,4)';&#xA; result: &quot;cian&quot;" />
                  </properties>
                  <output><![CDATA[Expr is '$substring(Employment.Role, -4,4)'
Result: '"cian"'
Expected: '"cian"'
]]></output>
                </test-case>
                <test-case id="0-2526" name="transform.case056" fullname="Jsonata.Net.Native.TestSuite.Tests.transform.case056" methodname="Test" classname="Jsonata.Net.Native.TestSuite.Tests" runstate="Runnable" seed="939092242" result="Passed" start-time="2021-10-30T22:08:25.2673404Z" end-time="2021-10-30T22:08:25.2674816Z" duration="0.000142" asserts="1">
                  <properties>
                    <property name="Description" value="expr: '$substring(&quot;Hello World&quot;,Cars,5)';&#xA; result: &quot;lo Wo&quot;" />
                  </properties>
                  <output><![CDATA[Expr is '$substring("Hello World",Cars,5)'
Result: '"lo Wo"'
Expected: '"lo Wo"'
]]></output>
                </test-case>
                <test-case id="0-2527" name="transform.case057" fullname="Jsonata.Net.Native.TestSuite.Tests.transform.case057" methodname="Test" classname="Jsonata.Net.Native.TestSuite.Tests" runstate="Runnable" seed="1794064167" result="Skipped" label="Ignored" start-time="2021-10-30T22:08:25.2674958Z" end-time="2021-10-30T22:08:25.2681753Z" duration="0.000679" asserts="0">
                  <properties>
                    <property name="Description" value="expr: '$lowercase(&quot;Missing close brackets&quot;';&#xA; result: error S0203" />
                  </properties>
                  <reason>
                    <message><![CDATA[Failed with exception: expected token 'typeParenClose' before end of expression
(ErrMissingToken)
   at Jsonata.Net.Native.Parsing.Parser.consume(TokenType expected, Boolean allowRegex) in f:\Projects\_NuGet\jsonata.net.native\src\Jsonata.Net.Native\Parsing\Parser.cs:line 195
   at Jsonata.Net.Native.Parsing.Parser.parseFunctionCall(Token t, Node lhs) in f:\Projects\_NuGet\jsonata.net.native\src\Jsonata.Net.Native\Parsing\Parser_Leds.cs:line 43
   at Jsonata.Net.Native.Parsing.Parser.parseExpression(Int32 rbp) in f:\Projects\_NuGet\jsonata.net.native\src\Jsonata.Net.Native\Parsing\Parser.cs:line 230
   at Jsonata.Net.Native.Parsing.Parser.Parse(String queryText) in f:\Projects\_NuGet\jsonata.net.native\src\Jsonata.Net.Native\Parsing\Parser.cs:line 18
   at Jsonata.Net.Native.JsonataQuery..ctor(String queryText) in f:\Projects\_NuGet\jsonata.net.native\src\Jsonata.Net.Native\JsonataQuery.cs:line 21
   at Jsonata.Net.Native.TestSuite.Tests.Test(CaseInfo caseInfo) in f:\Projects\_NuGet\jsonata.net.native\src\Jsonata.Net.Native.TestSuite\UnitTest1.cs:line 74]]></message>
                  </reason>
                  <output><![CDATA[Expr is '$lowercase("Missing close brackets"'
]]></output>
                </test-case>
                <test-case id="0-2528" name="transform.case058" fullname="Jsonata.Net.Native.TestSuite.Tests.transform.case058" methodname="Test" classname="Jsonata.Net.Native.TestSuite.Tests" runstate="Runnable" seed="126819507" result="Passed" start-time="2021-10-30T22:08:25.2681901Z" end-time="2021-10-30T22:08:25.2688971Z" duration="0.000707" asserts="0">
                  <properties>
                    <property name="Description" value="expr: '$unknown(Salutation)';&#xA; result: error T1006" />
                  </properties>
                  <reason>
                    <message><![CDATA[Expected to throw error with code T1006]]></message>
                  </reason>
                  <output><![CDATA[Expr is '$unknown(Salutation)'
]]></output>
                </test-case>
                <test-case id="0-2529" name="transform.case059" fullname="Jsonata.Net.Native.TestSuite.Tests.transform.case059" methodname="Test" classname="Jsonata.Net.Native.TestSuite.Tests" runstate="Runnable" seed="282194185" result="Passed" start-time="2021-10-30T22:08:25.2689083Z" end-time="2021-10-30T22:08:25.2692587Z" duration="0.000350" asserts="0">
                  <properties>
                    <property name="Description" value="expr: '$decrypt(Salutation)';&#xA; result: error T1006" />
                  </properties>
                  <reason>
                    <message><![CDATA[Expected to throw error with code T1006]]></message>
                  </reason>
                  <output><![CDATA[Expr is '$decrypt(Salutation)'
]]></output>
                </test-case>
                <test-case id="0-2530" name="transform.case060" fullname="Jsonata.Net.Native.TestSuite.Tests.transform.case060" methodname="Test" classname="Jsonata.Net.Native.TestSuite.Tests" runstate="Runnable" seed="1273600145" result="Passed" start-time="2021-10-30T22:08:25.2692687Z" end-time="2021-10-30T22:08:25.2704212Z" duration="0.001153" asserts="0">
                  <properties>
                    <property name="Description" value="expr: 'Employment.authentication(Salutation)';&#xA; result: error T1006" />
                  </properties>
                  <reason>
                    <message><![CDATA[Expected to throw error with code T1006]]></message>
                  </reason>
                  <output><![CDATA[Expr is 'Employment.authentication(Salutation)'
]]></output>
                </test-case>
                <test-case id="0-2531" name="transform.case061" fullname="Jsonata.Net.Native.TestSuite.Tests.transform.case061" methodname="Test" classname="Jsonata.Net.Native.TestSuite.Tests" runstate="Runnable" seed="2122392911" result="Passed" start-time="2021-10-30T22:08:25.2704342Z" end-time="2021-10-30T22:08:25.2705686Z" duration="0.000134" asserts="1">
                  <properties>
                    <property name="Description" value="expr: '$uppercase(Invalid)';&#xA; result: undefined" />
                  </properties>
                  <output><![CDATA[Expr is '$uppercase(Invalid)'
Result: 'undefined'
Expected 'undefined'
]]></output>
                </test-case>
                <test-case id="0-2532" name="transform.case062" fullname="Jsonata.Net.Native.TestSuite.Tests.transform.case062" methodname="Test" classname="Jsonata.Net.Native.TestSuite.Tests" runstate="Runnable" seed="391438210" result="Passed" start-time="2021-10-30T22:08:25.2705770Z" end-time="2021-10-30T22:08:25.2706902Z" duration="0.000113" asserts="1">
                  <properties>
                    <property name="Description" value="expr: '$uppercase(Employment.Invalid)';&#xA; result: undefined" />
                  </properties>
                  <output><![CDATA[Expr is '$uppercase(Employment.Invalid)'
Result: 'undefined'
Expected 'undefined'
]]></output>
                </test-case>
                <test-case id="0-2533" name="transform.case063" fullname="Jsonata.Net.Native.TestSuite.Tests.transform.case063" methodname="Test" classname="Jsonata.Net.Native.TestSuite.Tests" runstate="Runnable" seed="1380734902" result="Passed" start-time="2021-10-30T22:08:25.2706984Z" end-time="2021-10-30T22:08:25.2710485Z" duration="0.000350" asserts="0">
                  <properties>
                    <property name="Description" value="expr: '$lowercase(&quot;Coca&quot;, &quot;Cola&quot;)';&#xA; result: error T0410" />
                  </properties>
                  <reason>
                    <message><![CDATA[Expected to throw error with code T0410]]></message>
                  </reason>
                  <output><![CDATA[Expr is '$lowercase("Coca", "Cola")'
]]></output>
                </test-case>
                <test-case id="0-2534" name="transform.case064" fullname="Jsonata.Net.Native.TestSuite.Tests.transform.case064" methodname="Test" classname="Jsonata.Net.Native.TestSuite.Tests" runstate="Runnable" seed="645918272" result="Passed" start-time="2021-10-30T22:08:25.2710582Z" end-time="2021-10-30T22:08:25.2714681Z" duration="0.000410" asserts="0">
                  <properties>
                    <property name="Description" value="expr: '$lowercase(Salary)';&#xA; result: error T0410" />
                  </properties>
                  <reason>
                    <message><![CDATA[Expected to throw error with code T0410]]></message>
                  </reason>
                  <output><![CDATA[Expr is '$lowercase(Salary)'
]]></output>
                </test-case>
                <test-case id="0-2535" name="transform.case065" fullname="Jsonata.Net.Native.TestSuite.Tests.transform.case065" methodname="Test" classname="Jsonata.Net.Native.TestSuite.Tests" runstate="Runnable" seed="1437401856" result="Passed" start-time="2021-10-30T22:08:25.2714784Z" end-time="2021-10-30T22:08:25.2718337Z" duration="0.000355" asserts="0">
                  <properties>
                    <property name="Description" value="expr: '$lowercase(20)';&#xA; result: error T0410" />
                  </properties>
                  <reason>
                    <message><![CDATA[Expected to throw error with code T0410]]></message>
                  </reason>
                  <output><![CDATA[Expr is '$lowercase(20)'
]]></output>
                </test-case>
                <test-case id="0-2536" name="transform.case066" fullname="Jsonata.Net.Native.TestSuite.Tests.transform.case066" methodname="Test" classname="Jsonata.Net.Native.TestSuite.Tests" runstate="Runnable" seed="1861588183" result="Passed" start-time="2021-10-30T22:08:25.2718434Z" end-time="2021-10-30T22:08:25.2724583Z" duration="0.000615" asserts="0">
                  <properties>
                    <property name="Description" value="expr: '$lowercase(20.55)';&#xA; result: error T0410" />
                  </properties>
                  <reason>
                    <message><![CDATA[Expected to throw error with code T0410]]></message>
                  </reason>
                  <output><![CDATA[Expr is '$lowercase(20.55)'
]]></output>
                </test-case>
                <test-case id="0-2537" name="transform.case067" fullname="Jsonata.Net.Native.TestSuite.Tests.transform.case067" methodname="Test" classname="Jsonata.Net.Native.TestSuite.Tests" runstate="Runnable" seed="2143675706" result="Passed" start-time="2021-10-30T22:08:25.2724688Z" end-time="2021-10-30T22:08:25.2755545Z" duration="0.003086" asserts="0">
                  <properties>
                    <property name="Description" value="expr: '$lowercase(Employment)';&#xA; result: error T0410" />
                  </properties>
                  <reason>
                    <message><![CDATA[Expected to throw error with code T0410]]></message>
                  </reason>
                  <output><![CDATA[Expr is '$lowercase(Employment)'
]]></output>
                </test-case>
                <test-case id="0-2538" name="transform.case068" fullname="Jsonata.Net.Native.TestSuite.Tests.transform.case068" methodname="Test" classname="Jsonata.Net.Native.TestSuite.Tests" runstate="Runnable" seed="353619137" result="Passed" start-time="2021-10-30T22:08:25.2755717Z" end-time="2021-10-30T22:08:25.2760840Z" duration="0.000512" asserts="0">
                  <properties>
                    <property name="Description" value="expr: '$lowercase(Qualifications)';&#xA; result: error T0410" />
                  </properties>
                  <reason>
                    <message><![CDATA[Expected to throw error with code T0410]]></message>
                  </reason>
                  <output><![CDATA[Expr is '$lowercase(Qualifications)'
]]></output>
                </test-case>
                <test-case id="0-2539" name="transform.case069" fullname="Jsonata.Net.Native.TestSuite.Tests.transform.case069" methodname="Test" classname="Jsonata.Net.Native.TestSuite.Tests" runstate="Runnable" seed="1148677863" result="Passed" start-time="2021-10-30T22:08:25.2760958Z" end-time="2021-10-30T22:08:25.2764245Z" duration="0.000329" asserts="0">
                  <properties>
                    <property name="Description" value="expr: '$uppercase(&quot;Coca&quot;, &quot;Cola&quot;)';&#xA; result: error T0410" />
                  </properties>
                  <reason>
                    <message><![CDATA[Expected to throw error with code T0410]]></message>
                  </reason>
                  <output><![CDATA[Expr is '$uppercase("Coca", "Cola")'
]]></output>
                </test-case>
                <test-case id="0-2540" name="transform.case070" fullname="Jsonata.Net.Native.TestSuite.Tests.transform.case070" methodname="Test" classname="Jsonata.Net.Native.TestSuite.Tests" runstate="Runnable" seed="1457919393" result="Passed" start-time="2021-10-30T22:08:25.2764342Z" end-time="2021-10-30T22:08:25.2767891Z" duration="0.000355" asserts="0">
                  <properties>
                    <property name="Description" value="expr: '$uppercase(Salary)';&#xA; result: error T0410" />
                  </properties>
                  <reason>
                    <message><![CDATA[Expected to throw error with code T0410]]></message>
                  </reason>
                  <output><![CDATA[Expr is '$uppercase(Salary)'
]]></output>
                </test-case>
                <test-case id="0-2541" name="transform.case071" fullname="Jsonata.Net.Native.TestSuite.Tests.transform.case071" methodname="Test" classname="Jsonata.Net.Native.TestSuite.Tests" runstate="Runnable" seed="869850386" result="Passed" start-time="2021-10-30T22:08:25.2767997Z" end-time="2021-10-30T22:08:25.2771308Z" duration="0.000331" asserts="0">
                  <properties>
                    <property name="Description" value="expr: '$uppercase(28)';&#xA; result: error T0410" />
                  </properties>
                  <reason>
                    <message><![CDATA[Expected to throw error with code T0410]]></message>
                  </reason>
                  <output><![CDATA[Expr is '$uppercase(28)'
]]></output>
                </test-case>
                <test-case id="0-2542" name="transform.case072" fullname="Jsonata.Net.Native.TestSuite.Tests.transform.case072" methodname="Test" classname="Jsonata.Net.Native.TestSuite.Tests" runstate="Runnable" seed="579018539" result="Passed" start-time="2021-10-30T22:08:25.2771408Z" end-time="2021-10-30T22:08:25.2774801Z" duration="0.000340" asserts="0">
                  <properties>
                    <property name="Description" value="expr: '$uppercase(20.55)';&#xA; result: error T0410" />
                  </properties>
                  <reason>
                    <message><![CDATA[Expected to throw error with code T0410]]></message>
                  </reason>
                  <output><![CDATA[Expr is '$uppercase(20.55)'
]]></output>
                </test-case>
                <test-case id="0-2543" name="transform.case073" fullname="Jsonata.Net.Native.TestSuite.Tests.transform.case073" methodname="Test" classname="Jsonata.Net.Native.TestSuite.Tests" runstate="Runnable" seed="1659467886" result="Passed" start-time="2021-10-30T22:08:25.2774900Z" end-time="2021-10-30T22:08:25.2778306Z" duration="0.000341" asserts="0">
                  <properties>
                    <property name="Description" value="expr: '$uppercase(Cars)';&#xA; result: error T0410" />
                  </properties>
                  <reason>
                    <message><![CDATA[Expected to throw error with code T0410]]></message>
                  </reason>
                  <output><![CDATA[Expr is '$uppercase(Cars)'
]]></output>
                </test-case>
                <test-case id="0-2544" name="transform.case074" fullname="Jsonata.Net.Native.TestSuite.Tests.transform.case074" methodname="Test" classname="Jsonata.Net.Native.TestSuite.Tests" runstate="Runnable" seed="1992374311" result="Passed" start-time="2021-10-30T22:08:25.2778402Z" end-time="2021-10-30T22:08:25.2781874Z" duration="0.000347" asserts="0">
                  <properties>
                    <property name="Description" value="expr: '$uppercase(Employment)';&#xA; result: error T0410" />
                  </properties>
                  <reason>
                    <message><![CDATA[Expected to throw error with code T0410]]></message>
                  </reason>
                  <output><![CDATA[Expr is '$uppercase(Employment)'
]]></output>
                </test-case>
                <test-case id="0-2545" name="transform.case075" fullname="Jsonata.Net.Native.TestSuite.Tests.transform.case075" methodname="Test" classname="Jsonata.Net.Native.TestSuite.Tests" runstate="Runnable" seed="1203785485" result="Passed" start-time="2021-10-30T22:08:25.2781979Z" end-time="2021-10-30T22:08:25.2785418Z" duration="0.000344" asserts="0">
                  <properties>
                    <property name="Description" value="expr: '$uppercase(Qualifications)';&#xA; result: error T0410" />
                  </properties>
                  <reason>
                    <message><![CDATA[Expected to throw error with code T0410]]></message>
                  </reason>
                  <output><![CDATA[Expr is '$uppercase(Qualifications)'
]]></output>
                </test-case>
                <test-case id="0-2546" name="transform.case076" fullname="Jsonata.Net.Native.TestSuite.Tests.transform.case076" methodname="Test" classname="Jsonata.Net.Native.TestSuite.Tests" runstate="Runnable" seed="1287165957" result="Passed" start-time="2021-10-30T22:08:25.2785517Z" end-time="2021-10-30T22:08:25.2790133Z" duration="0.000462" asserts="0">
                  <properties>
                    <property name="Description" value="expr: '$substringBefore(&quot;Coca&quot; &amp; &quot;ca&quot;)';&#xA; result: error T0411" />
                  </properties>
                  <reason>
                    <message><![CDATA[Expected to throw error with code T0411]]></message>
                  </reason>
                  <output><![CDATA[Expr is '$substringBefore("Coca" & "ca")'
]]></output>
                </test-case>
                <test-case id="0-2547" name="transform.case077" fullname="Jsonata.Net.Native.TestSuite.Tests.transform.case077" methodname="Test" classname="Jsonata.Net.Native.TestSuite.Tests" runstate="Runnable" seed="1059872366" result="Passed" start-time="2021-10-30T22:08:25.2790244Z" end-time="2021-10-30T22:08:25.2793942Z" duration="0.000370" asserts="0">
                  <properties>
                    <property name="Description" value="expr: '$substringBefore(Salary,&quot;xx&quot;)';&#xA; result: error T0410" />
                  </properties>
                  <reason>
                    <message><![CDATA[Expected to throw error with code T0410]]></message>
                  </reason>
                  <output><![CDATA[Expr is '$substringBefore(Salary,"xx")'
]]></output>
                </test-case>
                <test-case id="0-2548" name="transform.case078" fullname="Jsonata.Net.Native.TestSuite.Tests.transform.case078" methodname="Test" classname="Jsonata.Net.Native.TestSuite.Tests" runstate="Runnable" seed="2069768660" result="Passed" start-time="2021-10-30T22:08:25.2794090Z" end-time="2021-10-30T22:08:25.2797453Z" duration="0.000337" asserts="0">
                  <properties>
                    <property name="Description" value="expr: '$substringBefore(22,&quot;xx&quot;)';&#xA; result: error T0410" />
                  </properties>
                  <reason>
                    <message><![CDATA[Expected to throw error with code T0410]]></message>
                  </reason>
                  <output><![CDATA[Expr is '$substringBefore(22,"xx")'
]]></output>
                </test-case>
                <test-case id="0-2549" name="transform.case079" fullname="Jsonata.Net.Native.TestSuite.Tests.transform.case079" methodname="Test" classname="Jsonata.Net.Native.TestSuite.Tests" runstate="Runnable" seed="1004219927" result="Passed" start-time="2021-10-30T22:08:25.2797553Z" end-time="2021-10-30T22:08:25.2804568Z" duration="0.000701" asserts="0">
                  <properties>
                    <property name="Description" value="expr: '$substringBefore(22.55,&quot;xx&quot;)';&#xA; result: error T0410" />
                  </properties>
                  <reason>
                    <message><![CDATA[Expected to throw error with code T0410]]></message>
                  </reason>
                  <output><![CDATA[Expr is '$substringBefore(22.55,"xx")'
]]></output>
                </test-case>
                <test-case id="0-2550" name="transform.case080" fullname="Jsonata.Net.Native.TestSuite.Tests.transform.case080" methodname="Test" classname="Jsonata.Net.Native.TestSuite.Tests" runstate="Runnable" seed="2046027713" result="Passed" start-time="2021-10-30T22:08:25.2804698Z" end-time="2021-10-30T22:08:25.2808553Z" duration="0.000385" asserts="0">
                  <properties>
                    <property name="Description" value="expr: '$substringBefore(&quot;22&quot;,2)';&#xA; result: error T0410" />
                  </properties>
                  <reason>
                    <message><![CDATA[Expected to throw error with code T0410]]></message>
                  </reason>
                  <output><![CDATA[Expr is '$substringBefore("22",2)'
]]></output>
                </test-case>
                <test-case id="0-2551" name="transform.case081" fullname="Jsonata.Net.Native.TestSuite.Tests.transform.case081" methodname="Test" classname="Jsonata.Net.Native.TestSuite.Tests" runstate="Runnable" seed="62137012" result="Passed" start-time="2021-10-30T22:08:25.2808665Z" end-time="2021-10-30T22:08:25.2812015Z" duration="0.000335" asserts="0">
                  <properties>
                    <property name="Description" value="expr: '$substringBefore(&quot;22.55&quot;,5)';&#xA; result: error T0410" />
                  </properties>
                  <reason>
                    <message><![CDATA[Expected to throw error with code T0410]]></message>
                  </reason>
                  <output><![CDATA[Expr is '$substringBefore("22.55",5)'
]]></output>
                </test-case>
                <test-case id="0-2552" name="transform.case082" fullname="Jsonata.Net.Native.TestSuite.Tests.transform.case082" methodname="Test" classname="Jsonata.Net.Native.TestSuite.Tests" runstate="Runnable" seed="2104321274" result="Passed" start-time="2021-10-30T22:08:25.2812112Z" end-time="2021-10-30T22:08:25.2815671Z" duration="0.000356" asserts="0">
                  <properties>
                    <property name="Description" value="expr: '$substringBefore(Employment,&quot;xx&quot;)';&#xA; result: error T0410" />
                  </properties>
                  <reason>
                    <message><![CDATA[Expected to throw error with code T0410]]></message>
                  </reason>
                  <output><![CDATA[Expr is '$substringBefore(Employment,"xx")'
]]></output>
                </test-case>
                <test-case id="0-2553" name="transform.case083" fullname="Jsonata.Net.Native.TestSuite.Tests.transform.case083" methodname="Test" classname="Jsonata.Net.Native.TestSuite.Tests" runstate="Runnable" seed="1459055485" result="Passed" start-time="2021-10-30T22:08:25.2815768Z" end-time="2021-10-30T22:08:25.2819330Z" duration="0.000357" asserts="0">
                  <properties>
                    <property name="Description" value="expr: '$substringBefore(Qualifications,&quot;xx&quot;)';&#xA; result: error T0410" />
                  </properties>
                  <reason>
                    <message><![CDATA[Expected to throw error with code T0410]]></message>
                  </reason>
                  <output><![CDATA[Expr is '$substringBefore(Qualifications,"xx")'
]]></output>
                </test-case>
                <test-case id="0-2554" name="transform.case084" fullname="Jsonata.Net.Native.TestSuite.Tests.transform.case084" methodname="Test" classname="Jsonata.Net.Native.TestSuite.Tests" runstate="Runnable" seed="2089146028" result="Passed" start-time="2021-10-30T22:08:25.2819429Z" end-time="2021-10-30T22:08:25.2822919Z" duration="0.000349" asserts="0">
                  <properties>
                    <property name="Description" value="expr: '$substringAfter(&quot;Coca&quot; &amp; &quot;ca&quot;)';&#xA; result: error T0411" />
                  </properties>
                  <reason>
                    <message><![CDATA[Expected to throw error with code T0411]]></message>
                  </reason>
                  <output><![CDATA[Expr is '$substringAfter("Coca" & "ca")'
]]></output>
                </test-case>
                <test-case id="0-2555" name="transform.case085" fullname="Jsonata.Net.Native.TestSuite.Tests.transform.case085" methodname="Test" classname="Jsonata.Net.Native.TestSuite.Tests" runstate="Runnable" seed="1415813399" result="Passed" start-time="2021-10-30T22:08:25.2823019Z" end-time="2021-10-30T22:08:25.2826553Z" duration="0.000353" asserts="0">
                  <properties>
                    <property name="Description" value="expr: '$substringAfter(Salary,&quot;xx&quot;)';&#xA; result: error T0410" />
                  </properties>
                  <reason>
                    <message><![CDATA[Expected to throw error with code T0410]]></message>
                  </reason>
                  <output><![CDATA[Expr is '$substringAfter(Salary,"xx")'
]]></output>
                </test-case>
                <test-case id="0-2556" name="transform.case086" fullname="Jsonata.Net.Native.TestSuite.Tests.transform.case086" methodname="Test" classname="Jsonata.Net.Native.TestSuite.Tests" runstate="Runnable" seed="2094859962" result="Passed" start-time="2021-10-30T22:08:25.2826653Z" end-time="2021-10-30T22:08:25.2830010Z" duration="0.000336" asserts="0">
                  <properties>
                    <property name="Description" value="expr: '$substringAfter(22,&quot;xx&quot;)';&#xA; result: error T0410" />
                  </properties>
                  <reason>
                    <message><![CDATA[Expected to throw error with code T0410]]></message>
                  </reason>
                  <output><![CDATA[Expr is '$substringAfter(22,"xx")'
]]></output>
                </test-case>
                <test-case id="0-2557" name="transform.case087" fullname="Jsonata.Net.Native.TestSuite.Tests.transform.case087" methodname="Test" classname="Jsonata.Net.Native.TestSuite.Tests" runstate="Runnable" seed="610170874" result="Passed" start-time="2021-10-30T22:08:25.2830113Z" end-time="2021-10-30T22:08:25.2833388Z" duration="0.000328" asserts="0">
                  <properties>
                    <property name="Description" value="expr: '$substringAfter(22.55,&quot;xx&quot;)';&#xA; result: error T0410" />
                  </properties>
                  <reason>
                    <message><![CDATA[Expected to throw error with code T0410]]></message>
                  </reason>
                  <output><![CDATA[Expr is '$substringAfter(22.55,"xx")'
]]></output>
                </test-case>
                <test-case id="0-2558" name="transform.case088" fullname="Jsonata.Net.Native.TestSuite.Tests.transform.case088" methodname="Test" classname="Jsonata.Net.Native.TestSuite.Tests" runstate="Runnable" seed="532176097" result="Passed" start-time="2021-10-30T22:08:25.2833484Z" end-time="2021-10-30T22:08:25.2836751Z" duration="0.000327" asserts="0">
                  <properties>
                    <property name="Description" value="expr: '$substringAfter(&quot;22&quot;,2)';&#xA; result: error T0410" />
                  </properties>
                  <reason>
                    <message><![CDATA[Expected to throw error with code T0410]]></message>
                  </reason>
                  <output><![CDATA[Expr is '$substringAfter("22",2)'
]]></output>
                </test-case>
                <test-case id="0-2559" name="transform.case089" fullname="Jsonata.Net.Native.TestSuite.Tests.transform.case089" methodname="Test" classname="Jsonata.Net.Native.TestSuite.Tests" runstate="Runnable" seed="1997449888" result="Passed" start-time="2021-10-30T22:08:25.2836896Z" end-time="2021-10-30T22:08:25.2840213Z" duration="0.000332" asserts="0">
                  <properties>
                    <property name="Description" value="expr: '$substringAfter(&quot;22.55&quot;,5)';&#xA; result: error T0410" />
                  </properties>
                  <reason>
                    <message><![CDATA[Expected to throw error with code T0410]]></message>
                  </reason>
                  <output><![CDATA[Expr is '$substringAfter("22.55",5)'
]]></output>
                </test-case>
                <test-case id="0-2560" name="transform.case090" fullname="Jsonata.Net.Native.TestSuite.Tests.transform.case090" methodname="Test" classname="Jsonata.Net.Native.TestSuite.Tests" runstate="Runnable" seed="741904140" result="Passed" start-time="2021-10-30T22:08:25.2840310Z" end-time="2021-10-30T22:08:25.2843848Z" duration="0.000354" asserts="0">
                  <properties>
                    <property name="Description" value="expr: '$substringAfter(Employment,&quot;xx&quot;)';&#xA; result: error T0410" />
                  </properties>
                  <reason>
                    <message><![CDATA[Expected to throw error with code T0410]]></message>
                  </reason>
                  <output><![CDATA[Expr is '$substringAfter(Employment,"xx")'
]]></output>
                </test-case>
                <test-case id="0-2561" name="transform.case091" fullname="Jsonata.Net.Native.TestSuite.Tests.transform.case091" methodname="Test" classname="Jsonata.Net.Native.TestSuite.Tests" runstate="Runnable" seed="1523130268" result="Passed" start-time="2021-10-30T22:08:25.2843950Z" end-time="2021-10-30T22:08:25.2847382Z" duration="0.000344" asserts="0">
                  <properties>
                    <property name="Description" value="expr: '$substringAfter(Qualifications,&quot;xx&quot;)';&#xA; result: error T0410" />
                  </properties>
                  <reason>
                    <message><![CDATA[Expected to throw error with code T0410]]></message>
                  </reason>
                  <output><![CDATA[Expr is '$substringAfter(Qualifications,"xx")'
]]></output>
                </test-case>
                <test-case id="0-2562" name="transform.case092" fullname="Jsonata.Net.Native.TestSuite.Tests.transform.case092" methodname="Test" classname="Jsonata.Net.Native.TestSuite.Tests" runstate="Runnable" seed="1160107620" result="Passed" start-time="2021-10-30T22:08:25.2847479Z" end-time="2021-10-30T22:08:25.2850727Z" duration="0.000325" asserts="0">
                  <properties>
                    <property name="Description" value="expr: '$substring(&quot;Coca&quot; &amp; &quot;ca&quot;, 2, 4, 5)';&#xA; result: error T0410" />
                  </properties>
                  <reason>
                    <message><![CDATA[Expected to throw error with code T0410]]></message>
                  </reason>
                  <output><![CDATA[Expr is '$substring("Coca" & "ca", 2, 4, 5)'
]]></output>
                </test-case>
                <test-case id="0-2563" name="transform.case093" fullname="Jsonata.Net.Native.TestSuite.Tests.transform.case093" methodname="Test" classname="Jsonata.Net.Native.TestSuite.Tests" runstate="Runnable" seed="360071686" result="Passed" start-time="2021-10-30T22:08:25.2850833Z" end-time="2021-10-30T22:08:25.2854087Z" duration="0.000326" asserts="0">
                  <properties>
                    <property name="Description" value="expr: '$substring(&quot;Coca&quot;, &quot;Mr&quot;, 4)';&#xA; result: error T0410" />
                  </properties>
                  <reason>
                    <message><![CDATA[Expected to throw error with code T0410]]></message>
                  </reason>
                  <output><![CDATA[Expr is '$substring("Coca", "Mr", 4)'
]]></output>
                </test-case>
                <test-case id="0-2564" name="transform.case094" fullname="Jsonata.Net.Native.TestSuite.Tests.transform.case094" methodname="Test" classname="Jsonata.Net.Native.TestSuite.Tests" runstate="Runnable" seed="1656953948" result="Passed" start-time="2021-10-30T22:08:25.2854181Z" end-time="2021-10-30T22:08:25.2857510Z" duration="0.000333" asserts="0">
                  <properties>
                    <property name="Description" value="expr: '$substring(&quot;Coca&quot;, 3, &quot;Whoops&quot;)';&#xA; result: error T0410" />
                  </properties>
                  <reason>
                    <message><![CDATA[Expected to throw error with code T0410]]></message>
                  </reason>
                  <output><![CDATA[Expr is '$substring("Coca", 3, "Whoops")'
]]></output>
                </test-case>
                <test-case id="0-2565" name="transform.case095" fullname="Jsonata.Net.Native.TestSuite.Tests.transform.case095" methodname="Test" classname="Jsonata.Net.Native.TestSuite.Tests" runstate="Runnable" seed="1743976629" result="Passed" start-time="2021-10-30T22:08:25.2857604Z" end-time="2021-10-30T22:08:25.2863430Z" duration="0.000583" asserts="0">
                  <properties>
                    <property name="Description" value="expr: '$substring(Salary,2,4)';&#xA; result: error T0410" />
                  </properties>
                  <reason>
                    <message><![CDATA[Expected to throw error with code T0410]]></message>
                  </reason>
                  <output><![CDATA[Expr is '$substring(Salary,2,4)'
]]></output>
                </test-case>
                <test-case id="0-2566" name="transform.case096" fullname="Jsonata.Net.Native.TestSuite.Tests.transform.case096" methodname="Test" classname="Jsonata.Net.Native.TestSuite.Tests" runstate="Runnable" seed="1449665250" result="Passed" start-time="2021-10-30T22:08:25.2863557Z" end-time="2021-10-30T22:08:25.2867119Z" duration="0.000356" asserts="0">
                  <properties>
                    <property name="Description" value="expr: '$substring(&quot;Hello&quot;,&quot;World&quot;,5)';&#xA; result: error T0410" />
                  </properties>
                  <reason>
                    <message><![CDATA[Expected to throw error with code T0410]]></message>
                  </reason>
                  <output><![CDATA[Expr is '$substring("Hello","World",5)'
]]></output>
                </test-case>
                <test-case id="0-2567" name="transform.case097" fullname="Jsonata.Net.Native.TestSuite.Tests.transform.case097" methodname="Test" classname="Jsonata.Net.Native.TestSuite.Tests" runstate="Runnable" seed="1940739661" result="Passed" start-time="2021-10-30T22:08:25.2867212Z" end-time="2021-10-30T22:08:25.2870983Z" duration="0.000377" asserts="0">
                  <properties>
                    <property name="Description" value="expr: '$substring(&quot;Hello&quot;,5,&quot;World&quot;)';&#xA; result: error T0410" />
                  </properties>
                  <reason>
                    <message><![CDATA[Expected to throw error with code T0410]]></message>
                  </reason>
                  <output><![CDATA[Expr is '$substring("Hello",5,"World")'
]]></output>
                </test-case>
                <test-case id="0-2568" name="transform.case098" fullname="Jsonata.Net.Native.TestSuite.Tests.transform.case098" methodname="Test" classname="Jsonata.Net.Native.TestSuite.Tests" runstate="Runnable" seed="658854494" result="Failed" label="Error" start-time="2021-10-30T22:08:25.2871137Z" end-time="2021-10-30T22:08:25.2876531Z" duration="0.000540" asserts="0">
                  <properties>
                    <property name="Description" value="expr: '$substring(&quot;Hello World&quot;,5.5,5)';&#xA; result: &quot; Worl&quot;" />
                  </properties>
                  <failure>
                    <message><![CDATA[Jsonata.Net.Native.JsonataException : T0410: Argument 1 ('start') of function substring should be Int32 bun incompatible value of type Float was specified]]></message>
                    <stack-trace><![CDATA[   at Jsonata.Net.Native.Eval.EvalProcessor_Functions.ConvertFunctionArg(String functionName, Int32 parameterIndex, JToken argToken, ParameterInfo parameterInfo, Boolean& returnUndefined) in f:\Projects\_NuGet\jsonata.net.native\src\Jsonata.Net.Native\Eval\EvalProcessor_Functions.cs:line 278
   at Jsonata.Net.Native.Eval.EvalProcessor_Functions.BindFunctionArguments(String functionName, ParameterInfo[] parameterList, List`1 args, Environment env, Boolean& returnUndefined) in f:\Projects\_NuGet\jsonata.net.native\src\Jsonata.Net.Native\Eval\EvalProcessor_Functions.cs:line 103
   at Jsonata.Net.Native.Eval.EvalProcessor_Functions.CallCsharpFunction(String functionName, MethodInfo methodInfo, List`1 args, JToken inputAsContext, Environment env) in f:\Projects\_NuGet\jsonata.net.native\src\Jsonata.Net.Native\Eval\EvalProcessor_Functions.cs:line 26
   at Jsonata.Net.Native.Eval.EvalProcessor.InvokeFunction(FunctionToken function, List`1 args, JToken context, Environment env) in f:\Projects\_NuGet\jsonata.net.native\src\Jsonata.Net.Native\Eval\EvalProcessor.cs:line 280
   at Jsonata.Net.Native.Eval.EvalProcessor.evalFunctionCall(FunctionCallNode functionCallNode, JToken input, Environment env, JToken evalutedFirstArgFromApplication) in f:\Projects\_NuGet\jsonata.net.native\src\Jsonata.Net.Native\Eval\EvalProcessor.cs:line 271
   at Jsonata.Net.Native.Eval.EvalProcessor.EvalInternal(Node node, JToken input, Environment env) in f:\Projects\_NuGet\jsonata.net.native\src\Jsonata.Net.Native\Eval\EvalProcessor.cs:line 126
   at Jsonata.Net.Native.Eval.EvalProcessor.Eval(Node node, JToken input, Environment env) in f:\Projects\_NuGet\jsonata.net.native\src\Jsonata.Net.Native\Eval\EvalProcessor.cs:line 50
   at Jsonata.Net.Native.Eval.EvalProcessor.EvaluateJson(Node rootNode, JToken data, JObject bindings) in f:\Projects\_NuGet\jsonata.net.native\src\Jsonata.Net.Native\Eval\EvalProcessor.cs:line 36
   at Jsonata.Net.Native.JsonataQuery.Eval(JToken data, JObject bindings) in f:\Projects\_NuGet\jsonata.net.native\src\Jsonata.Net.Native\JsonataQuery.cs:line 39
   at Jsonata.Net.Native.TestSuite.Tests.Test(CaseInfo caseInfo) in f:\Projects\_NuGet\jsonata.net.native\src\Jsonata.Net.Native.TestSuite\UnitTest1.cs:line 75]]></stack-trace>
                  </failure>
                  <output><![CDATA[Expr is '$substring("Hello World",5.5,5)'
]]></output>
                </test-case>
                <test-case id="0-2569" name="transform.case099" fullname="Jsonata.Net.Native.TestSuite.Tests.transform.case099" methodname="Test" classname="Jsonata.Net.Native.TestSuite.Tests" runstate="Runnable" seed="2137028289" result="Passed" start-time="2021-10-30T22:08:25.2876643Z" end-time="2021-10-30T22:08:25.2880670Z" duration="0.000402" asserts="0">
                  <properties>
                    <property name="Description" value="expr: '$substring(Employment,&quot;xx&quot;)';&#xA; result: error T0410" />
                  </properties>
                  <reason>
                    <message><![CDATA[Expected to throw error with code T0410]]></message>
                  </reason>
                  <output><![CDATA[Expr is '$substring(Employment,"xx")'
]]></output>
                </test-case>
                <test-case id="0-2570" name="transform.case100" fullname="Jsonata.Net.Native.TestSuite.Tests.transform.case100" methodname="Test" classname="Jsonata.Net.Native.TestSuite.Tests" runstate="Runnable" seed="814555659" result="Passed" start-time="2021-10-30T22:08:25.2880766Z" end-time="2021-10-30T22:08:25.2884265Z" duration="0.000350" asserts="0">
                  <properties>
                    <property name="Description" value="expr: '$substring(Qualifications,6,5)';&#xA; result: error T0410" />
                  </properties>
                  <reason>
                    <message><![CDATA[Expected to throw error with code T0410]]></message>
                  </reason>
                  <output><![CDATA[Expr is '$substring(Qualifications,6,5)'
]]></output>
                </test-case>
                <test-case id="0-2571" name="transform.case101" fullname="Jsonata.Net.Native.TestSuite.Tests.transform.case101" methodname="Test" classname="Jsonata.Net.Native.TestSuite.Tests" runstate="Runnable" seed="310629344" result="Passed" start-time="2021-10-30T22:08:25.2884359Z" end-time="2021-10-30T22:08:25.2885270Z" duration="0.000091" asserts="1">
                  <properties>
                    <property name="Description" value="expr: 'detail.contents';&#xA; result: &quot;stuff&quot;" />
                  </properties>
                  <output><![CDATA[Expr is 'detail.contents'
Result: '"stuff"'
Expected: '"stuff"'
]]></output>
                </test-case>
                <test-case id="0-2572" name="transform.case102" fullname="Jsonata.Net.Native.TestSuite.Tests.transform.case102" methodname="Test" classname="Jsonata.Net.Native.TestSuite.Tests" runstate="Runnable" seed="1042123981" result="Passed" start-time="2021-10-30T22:08:25.2885352Z" end-time="2021-10-30T22:08:25.2886061Z" duration="0.000071" asserts="1">
                  <properties>
                    <property name="Description" value="expr: 'detail.meta';&#xA; result: &quot;boo&quot;" />
                  </properties>
                  <output><![CDATA[Expr is 'detail.meta'
Result: '"boo"'
Expected: '"boo"'
]]></output>
                </test-case>
                <test-case id="0-2573" name="transform.case103" fullname="Jsonata.Net.Native.TestSuite.Tests.transform.case103" methodname="Test" classname="Jsonata.Net.Native.TestSuite.Tests" runstate="Runnable" seed="322173604" result="Passed" start-time="2021-10-30T22:08:25.2886182Z" end-time="2021-10-30T22:08:25.2886946Z" duration="0.000076" asserts="1">
                  <properties>
                    <property name="Description" value="expr: 'detail.meta';&#xA; result: 5" />
                  </properties>
                  <output><![CDATA[Expr is 'detail.meta'
Result: '5'
Expected: '5'
]]></output>
                </test-case>
                <test-case id="0-2574" name="transforms.case000" fullname="Jsonata.Net.Native.TestSuite.Tests.transforms.case000" methodname="Test" classname="Jsonata.Net.Native.TestSuite.Tests" runstate="Runnable" seed="1373236090" result="Skipped" label="Ignored" start-time="2021-10-30T22:08:25.2887024Z" end-time="2021-10-30T22:08:25.2903533Z" duration="0.001651" asserts="0">
                  <properties>
                    <property name="Description" value="expr: '$ ~&gt; |Account.Order.Product|{&quot;Total&quot;:Price*Quantity},[&quot;Description&quot;, &quot;SKU&quot;]|';&#xA; result: {&quot;Account&quot;:{&quot;Account Name&quot;:&quot;Firefly&quot;,&quot;Order&quot;:[{&quot;OrderID&quot;:&quot;order103&quot;,&quot;Product&quot;:[{&quot;Product Name&quot;:&quot;Bowler Hat&quot;,&quot;ProductID&quot;:858383,&quot;Price&quot;:34.45,&quot;Quantity&quot;:2,&quot;Total&quot;:68.9},{&quot;Product Name&quot;:&quot;Trilby hat&quot;,&quot;ProductID&quot;:858236,&quot;Price&quot;:21.67,&quot;Quantity&quot;:1,&quot;Total&quot;:21.67}]},{&quot;OrderID&quot;:&quot;order104&quot;,&quot;Product&quot;:[{&quot;Product Name&quot;:&quot;Bowler Hat&quot;,&quot;ProductID&quot;:858383,&quot;Price&quot;:34.45,&quot;Quantity&quot;:4,&quot;Total&quot;:137.8},{&quot;ProductID&quot;:345664,&quot;Product Name&quot;:&quot;Cloak&quot;,&quot;Price&quot;:107.99,&quot;Quantity&quot;:1,&quot;Total&quot;:107.99}]}]}}" />
                  </properties>
                  <reason>
                    <message><![CDATA[Failed with exception: TODO: implement
(NotImplementedException)
   at Jsonata.Net.Native.Eval.EvalProcessor.evalFunctionApplication(FunctionApplicationNode functionApplicationNode, JToken input, Environment env) in f:\Projects\_NuGet\jsonata.net.native\src\Jsonata.Net.Native\Eval\EvalProcessor.cs:line 179
   at Jsonata.Net.Native.Eval.EvalProcessor.EvalInternal(Node node, JToken input, Environment env) in f:\Projects\_NuGet\jsonata.net.native\src\Jsonata.Net.Native\Eval\EvalProcessor.cs:line 128
   at Jsonata.Net.Native.Eval.EvalProcessor.Eval(Node node, JToken input, Environment env) in f:\Projects\_NuGet\jsonata.net.native\src\Jsonata.Net.Native\Eval\EvalProcessor.cs:line 50
   at Jsonata.Net.Native.Eval.EvalProcessor.EvaluateJson(Node rootNode, JToken data, JObject bindings) in f:\Projects\_NuGet\jsonata.net.native\src\Jsonata.Net.Native\Eval\EvalProcessor.cs:line 36
   at Jsonata.Net.Native.JsonataQuery.Eval(JToken data, JObject bindings) in f:\Projects\_NuGet\jsonata.net.native\src\Jsonata.Net.Native\JsonataQuery.cs:line 39
   at Jsonata.Net.Native.TestSuite.Tests.Test(CaseInfo caseInfo) in f:\Projects\_NuGet\jsonata.net.native\src\Jsonata.Net.Native.TestSuite\UnitTest1.cs:line 75]]></message>
                  </reason>
                  <output><![CDATA[Expr is '$ ~> |Account.Order.Product|{"Total":Price*Quantity},["Description", "SKU"]|'
]]></output>
                </test-case>
                <test-case id="0-2575" name="transforms.case001" fullname="Jsonata.Net.Native.TestSuite.Tests.transforms.case001" methodname="Test" classname="Jsonata.Net.Native.TestSuite.Tests" runstate="Runnable" seed="1644597737" result="Skipped" label="Ignored" start-time="2021-10-30T22:08:25.2903705Z" end-time="2021-10-30T22:08:25.2909079Z" duration="0.000538" asserts="0">
                  <properties>
                    <property name="Description" value="expr: 'Account.Order ~&gt; |Product|{&quot;Total&quot;:Price*Quantity},[&quot;Description&quot;, &quot;SKU&quot;]|';&#xA; result: [{&quot;OrderID&quot;:&quot;order103&quot;,&quot;Product&quot;:[{&quot;Product Name&quot;:&quot;Bowler Hat&quot;,&quot;ProductID&quot;:858383,&quot;Price&quot;:34.45,&quot;Quantity&quot;:2,&quot;Total&quot;:68.9},{&quot;Product Name&quot;:&quot;Trilby hat&quot;,&quot;ProductID&quot;:858236,&quot;Price&quot;:21.67,&quot;Quantity&quot;:1,&quot;Total&quot;:21.67}]},{&quot;OrderID&quot;:&quot;order104&quot;,&quot;Product&quot;:[{&quot;Product Name&quot;:&quot;Bowler Hat&quot;,&quot;ProductID&quot;:858383,&quot;Price&quot;:34.45,&quot;Quantity&quot;:4,&quot;Total&quot;:137.8},{&quot;ProductID&quot;:345664,&quot;Product Name&quot;:&quot;Cloak&quot;,&quot;Price&quot;:107.99,&quot;Quantity&quot;:1,&quot;Total&quot;:107.99}]}]" />
                  </properties>
                  <reason>
                    <message><![CDATA[Failed with exception: TODO: implement
(NotImplementedException)
   at Jsonata.Net.Native.Eval.EvalProcessor.evalFunctionApplication(FunctionApplicationNode functionApplicationNode, JToken input, Environment env) in f:\Projects\_NuGet\jsonata.net.native\src\Jsonata.Net.Native\Eval\EvalProcessor.cs:line 179
   at Jsonata.Net.Native.Eval.EvalProcessor.EvalInternal(Node node, JToken input, Environment env) in f:\Projects\_NuGet\jsonata.net.native\src\Jsonata.Net.Native\Eval\EvalProcessor.cs:line 128
   at Jsonata.Net.Native.Eval.EvalProcessor.Eval(Node node, JToken input, Environment env) in f:\Projects\_NuGet\jsonata.net.native\src\Jsonata.Net.Native\Eval\EvalProcessor.cs:line 50
   at Jsonata.Net.Native.Eval.EvalProcessor.EvaluateJson(Node rootNode, JToken data, JObject bindings) in f:\Projects\_NuGet\jsonata.net.native\src\Jsonata.Net.Native\Eval\EvalProcessor.cs:line 36
   at Jsonata.Net.Native.JsonataQuery.Eval(JToken data, JObject bindings) in f:\Projects\_NuGet\jsonata.net.native\src\Jsonata.Net.Native\JsonataQuery.cs:line 39
   at Jsonata.Net.Native.TestSuite.Tests.Test(CaseInfo caseInfo) in f:\Projects\_NuGet\jsonata.net.native\src\Jsonata.Net.Native.TestSuite\UnitTest1.cs:line 75]]></message>
                  </reason>
                  <output><![CDATA[Expr is 'Account.Order ~> |Product|{"Total":Price*Quantity},["Description", "SKU"]|'
]]></output>
                </test-case>
                <test-case id="0-2576" name="transforms.case002" fullname="Jsonata.Net.Native.TestSuite.Tests.transforms.case002" methodname="Test" classname="Jsonata.Net.Native.TestSuite.Tests" runstate="Runnable" seed="1004672373" result="Skipped" label="Ignored" start-time="2021-10-30T22:08:25.2909323Z" end-time="2021-10-30T22:08:25.2913417Z" duration="0.000409" asserts="0">
                  <properties>
                    <property name="Description" value="expr: '$ ~&gt; |Account.Order.Product|{&quot;Total&quot;:Price*Quantity, &quot;Price&quot;: Price * 1.2}|';&#xA; result: {&quot;Account&quot;:{&quot;Account Name&quot;:&quot;Firefly&quot;,&quot;Order&quot;:[{&quot;OrderID&quot;:&quot;order103&quot;,&quot;Product&quot;:[{&quot;Product Name&quot;:&quot;Bowler Hat&quot;,&quot;ProductID&quot;:858383,&quot;SKU&quot;:&quot;0406654608&quot;,&quot;Description&quot;:{&quot;Colour&quot;:&quot;Purple&quot;,&quot;Width&quot;:300,&quot;Height&quot;:200,&quot;Depth&quot;:210,&quot;Weight&quot;:0.75},&quot;Price&quot;:41.34,&quot;Quantity&quot;:2,&quot;Total&quot;:68.9},{&quot;Product Name&quot;:&quot;Trilby hat&quot;,&quot;ProductID&quot;:858236,&quot;SKU&quot;:&quot;0406634348&quot;,&quot;Description&quot;:{&quot;Colour&quot;:&quot;Orange&quot;,&quot;Width&quot;:300,&quot;Height&quot;:200,&quot;Depth&quot;:210,&quot;Weight&quot;:0.6},&quot;Price&quot;:26.004,&quot;Quantity&quot;:1,&quot;Total&quot;:21.67}]},{&quot;OrderID&quot;:&quot;order104&quot;,&quot;Product&quot;:[{&quot;Product Name&quot;:&quot;Bowler Hat&quot;,&quot;ProductID&quot;:858383,&quot;SKU&quot;:&quot;040657863&quot;,&quot;Description&quot;:{&quot;Colour&quot;:&quot;Purple&quot;,&quot;Width&quot;:300,&quot;Height&quot;:200,&quot;Depth&quot;:210,&quot;Weight&quot;:0.75},&quot;Price&quot;:41.34,&quot;Quantity&quot;:4,&quot;Total&quot;:137.8},{&quot;ProductID&quot;:345664,&quot;SKU&quot;:&quot;0406654603&quot;,&quot;Product Name&quot;:&quot;Cloak&quot;,&quot;Description&quot;:{&quot;Colour&quot;:&quot;Black&quot;,&quot;Width&quot;:30,&quot;Height&quot;:20,&quot;Depth&quot;:210,&quot;Weight&quot;:2},&quot;Price&quot;:129.588,&quot;Quantity&quot;:1,&quot;Total&quot;:107.99}]}]}}" />
                  </properties>
                  <reason>
                    <message><![CDATA[Failed with exception: TODO: implement
(NotImplementedException)
   at Jsonata.Net.Native.Eval.EvalProcessor.evalFunctionApplication(FunctionApplicationNode functionApplicationNode, JToken input, Environment env) in f:\Projects\_NuGet\jsonata.net.native\src\Jsonata.Net.Native\Eval\EvalProcessor.cs:line 179
   at Jsonata.Net.Native.Eval.EvalProcessor.EvalInternal(Node node, JToken input, Environment env) in f:\Projects\_NuGet\jsonata.net.native\src\Jsonata.Net.Native\Eval\EvalProcessor.cs:line 128
   at Jsonata.Net.Native.Eval.EvalProcessor.Eval(Node node, JToken input, Environment env) in f:\Projects\_NuGet\jsonata.net.native\src\Jsonata.Net.Native\Eval\EvalProcessor.cs:line 50
   at Jsonata.Net.Native.Eval.EvalProcessor.EvaluateJson(Node rootNode, JToken data, JObject bindings) in f:\Projects\_NuGet\jsonata.net.native\src\Jsonata.Net.Native\Eval\EvalProcessor.cs:line 36
   at Jsonata.Net.Native.JsonataQuery.Eval(JToken data, JObject bindings) in f:\Projects\_NuGet\jsonata.net.native\src\Jsonata.Net.Native\JsonataQuery.cs:line 39
   at Jsonata.Net.Native.TestSuite.Tests.Test(CaseInfo caseInfo) in f:\Projects\_NuGet\jsonata.net.native\src\Jsonata.Net.Native.TestSuite\UnitTest1.cs:line 75]]></message>
                  </reason>
                  <output><![CDATA[Expr is '$ ~> |Account.Order.Product|{"Total":Price*Quantity, "Price": Price * 1.2}|'
]]></output>
                </test-case>
                <test-case id="0-2577" name="transforms.case003" fullname="Jsonata.Net.Native.TestSuite.Tests.transforms.case003" methodname="Test" classname="Jsonata.Net.Native.TestSuite.Tests" runstate="Runnable" seed="433665918" result="Skipped" label="Ignored" start-time="2021-10-30T22:08:25.2913531Z" end-time="2021-10-30T22:08:25.2917226Z" duration="0.000369" asserts="0">
                  <properties>
                    <property name="Description" value="expr: '$ ~&gt; |Account.Order.Product|{},&quot;Description&quot;|';&#xA; result: {&quot;Account&quot;:{&quot;Account Name&quot;:&quot;Firefly&quot;,&quot;Order&quot;:[{&quot;OrderID&quot;:&quot;order103&quot;,&quot;Product&quot;:[{&quot;Product Name&quot;:&quot;Bowler Hat&quot;,&quot;ProductID&quot;:858383,&quot;SKU&quot;:&quot;0406654608&quot;,&quot;Price&quot;:34.45,&quot;Quantity&quot;:2},{&quot;Product Name&quot;:&quot;Trilby hat&quot;,&quot;ProductID&quot;:858236,&quot;SKU&quot;:&quot;0406634348&quot;,&quot;Price&quot;:21.67,&quot;Quantity&quot;:1}]},{&quot;OrderID&quot;:&quot;order104&quot;,&quot;Product&quot;:[{&quot;Product Name&quot;:&quot;Bowler Hat&quot;,&quot;ProductID&quot;:858383,&quot;SKU&quot;:&quot;040657863&quot;,&quot;Price&quot;:34.45,&quot;Quantity&quot;:4},{&quot;ProductID&quot;:345664,&quot;SKU&quot;:&quot;0406654603&quot;,&quot;Product Name&quot;:&quot;Cloak&quot;,&quot;Price&quot;:107.99,&quot;Quantity&quot;:1}]}]}}" />
                  </properties>
                  <reason>
                    <message><![CDATA[Failed with exception: TODO: implement
(NotImplementedException)
   at Jsonata.Net.Native.Eval.EvalProcessor.evalFunctionApplication(FunctionApplicationNode functionApplicationNode, JToken input, Environment env) in f:\Projects\_NuGet\jsonata.net.native\src\Jsonata.Net.Native\Eval\EvalProcessor.cs:line 179
   at Jsonata.Net.Native.Eval.EvalProcessor.EvalInternal(Node node, JToken input, Environment env) in f:\Projects\_NuGet\jsonata.net.native\src\Jsonata.Net.Native\Eval\EvalProcessor.cs:line 128
   at Jsonata.Net.Native.Eval.EvalProcessor.Eval(Node node, JToken input, Environment env) in f:\Projects\_NuGet\jsonata.net.native\src\Jsonata.Net.Native\Eval\EvalProcessor.cs:line 50
   at Jsonata.Net.Native.Eval.EvalProcessor.EvaluateJson(Node rootNode, JToken data, JObject bindings) in f:\Projects\_NuGet\jsonata.net.native\src\Jsonata.Net.Native\Eval\EvalProcessor.cs:line 36
   at Jsonata.Net.Native.JsonataQuery.Eval(JToken data, JObject bindings) in f:\Projects\_NuGet\jsonata.net.native\src\Jsonata.Net.Native\JsonataQuery.cs:line 39
   at Jsonata.Net.Native.TestSuite.Tests.Test(CaseInfo caseInfo) in f:\Projects\_NuGet\jsonata.net.native\src\Jsonata.Net.Native.TestSuite\UnitTest1.cs:line 75]]></message>
                  </reason>
                  <output><![CDATA[Expr is '$ ~> |Account.Order.Product|{},"Description"|'
]]></output>
                </test-case>
                <test-case id="0-2578" name="transforms.case004" fullname="Jsonata.Net.Native.TestSuite.Tests.transforms.case004" methodname="Test" classname="Jsonata.Net.Native.TestSuite.Tests" runstate="Runnable" seed="1390982484" result="Skipped" label="Ignored" start-time="2021-10-30T22:08:25.2917329Z" end-time="2021-10-30T22:08:25.2921413Z" duration="0.000408" asserts="0">
                  <properties>
                    <property name="Description" value="expr: '$ ~&gt; |Account.Order.Product|nomatch,&quot;Description&quot;|';&#xA; result: {&quot;Account&quot;:{&quot;Account Name&quot;:&quot;Firefly&quot;,&quot;Order&quot;:[{&quot;OrderID&quot;:&quot;order103&quot;,&quot;Product&quot;:[{&quot;Product Name&quot;:&quot;Bowler Hat&quot;,&quot;ProductID&quot;:858383,&quot;SKU&quot;:&quot;0406654608&quot;,&quot;Price&quot;:34.45,&quot;Quantity&quot;:2},{&quot;Product Name&quot;:&quot;Trilby hat&quot;,&quot;ProductID&quot;:858236,&quot;SKU&quot;:&quot;0406634348&quot;,&quot;Price&quot;:21.67,&quot;Quantity&quot;:1}]},{&quot;OrderID&quot;:&quot;order104&quot;,&quot;Product&quot;:[{&quot;Product Name&quot;:&quot;Bowler Hat&quot;,&quot;ProductID&quot;:858383,&quot;SKU&quot;:&quot;040657863&quot;,&quot;Price&quot;:34.45,&quot;Quantity&quot;:4},{&quot;ProductID&quot;:345664,&quot;SKU&quot;:&quot;0406654603&quot;,&quot;Product Name&quot;:&quot;Cloak&quot;,&quot;Price&quot;:107.99,&quot;Quantity&quot;:1}]}]}}" />
                  </properties>
                  <reason>
                    <message><![CDATA[Failed with exception: TODO: implement
(NotImplementedException)
   at Jsonata.Net.Native.Eval.EvalProcessor.evalFunctionApplication(FunctionApplicationNode functionApplicationNode, JToken input, Environment env) in f:\Projects\_NuGet\jsonata.net.native\src\Jsonata.Net.Native\Eval\EvalProcessor.cs:line 179
   at Jsonata.Net.Native.Eval.EvalProcessor.EvalInternal(Node node, JToken input, Environment env) in f:\Projects\_NuGet\jsonata.net.native\src\Jsonata.Net.Native\Eval\EvalProcessor.cs:line 128
   at Jsonata.Net.Native.Eval.EvalProcessor.Eval(Node node, JToken input, Environment env) in f:\Projects\_NuGet\jsonata.net.native\src\Jsonata.Net.Native\Eval\EvalProcessor.cs:line 50
   at Jsonata.Net.Native.Eval.EvalProcessor.EvaluateJson(Node rootNode, JToken data, JObject bindings) in f:\Projects\_NuGet\jsonata.net.native\src\Jsonata.Net.Native\Eval\EvalProcessor.cs:line 36
   at Jsonata.Net.Native.JsonataQuery.Eval(JToken data, JObject bindings) in f:\Projects\_NuGet\jsonata.net.native\src\Jsonata.Net.Native\JsonataQuery.cs:line 39
   at Jsonata.Net.Native.TestSuite.Tests.Test(CaseInfo caseInfo) in f:\Projects\_NuGet\jsonata.net.native\src\Jsonata.Net.Native.TestSuite\UnitTest1.cs:line 75]]></message>
                  </reason>
                  <output><![CDATA[Expr is '$ ~> |Account.Order.Product|nomatch,"Description"|'
]]></output>
                </test-case>
                <test-case id="0-2579" name="transforms.case005" fullname="Jsonata.Net.Native.TestSuite.Tests.transforms.case005" methodname="Test" classname="Jsonata.Net.Native.TestSuite.Tests" runstate="Runnable" seed="2067470865" result="Skipped" label="Ignored" start-time="2021-10-30T22:08:25.2921528Z" end-time="2021-10-30T22:08:25.2928389Z" duration="0.000686" asserts="0">
                  <properties>
                    <property name="Description" value="expr: '$ ~&gt; |(Account.Order.Product)[0]|{&quot;Description&quot;:&quot;blah&quot;}|';&#xA; result: {&quot;Account&quot;:{&quot;Account Name&quot;:&quot;Firefly&quot;,&quot;Order&quot;:[{&quot;OrderID&quot;:&quot;order103&quot;,&quot;Product&quot;:[{&quot;Product Name&quot;:&quot;Bowler Hat&quot;,&quot;ProductID&quot;:858383,&quot;SKU&quot;:&quot;0406654608&quot;,&quot;Description&quot;:&quot;blah&quot;,&quot;Price&quot;:34.45,&quot;Quantity&quot;:2},{&quot;Product Name&quot;:&quot;Trilby hat&quot;,&quot;ProductID&quot;:858236,&quot;SKU&quot;:&quot;0406634348&quot;,&quot;Description&quot;:{&quot;Colour&quot;:&quot;Orange&quot;,&quot;Width&quot;:300,&quot;Height&quot;:200,&quot;Depth&quot;:210,&quot;Weight&quot;:0.6},&quot;Price&quot;:21.67,&quot;Quantity&quot;:1}]},{&quot;OrderID&quot;:&quot;order104&quot;,&quot;Product&quot;:[{&quot;Product Name&quot;:&quot;Bowler Hat&quot;,&quot;ProductID&quot;:858383,&quot;SKU&quot;:&quot;040657863&quot;,&quot;Description&quot;:{&quot;Colour&quot;:&quot;Purple&quot;,&quot;Width&quot;:300,&quot;Height&quot;:200,&quot;Depth&quot;:210,&quot;Weight&quot;:0.75},&quot;Price&quot;:34.45,&quot;Quantity&quot;:4},{&quot;ProductID&quot;:345664,&quot;SKU&quot;:&quot;0406654603&quot;,&quot;Product Name&quot;:&quot;Cloak&quot;,&quot;Description&quot;:{&quot;Colour&quot;:&quot;Black&quot;,&quot;Width&quot;:30,&quot;Height&quot;:20,&quot;Depth&quot;:210,&quot;Weight&quot;:2},&quot;Price&quot;:107.99,&quot;Quantity&quot;:1}]}]}}" />
                  </properties>
                  <reason>
                    <message><![CDATA[Failed with exception: TODO: implement
(NotImplementedException)
   at Jsonata.Net.Native.Eval.EvalProcessor.evalFunctionApplication(FunctionApplicationNode functionApplicationNode, JToken input, Environment env) in f:\Projects\_NuGet\jsonata.net.native\src\Jsonata.Net.Native\Eval\EvalProcessor.cs:line 179
   at Jsonata.Net.Native.Eval.EvalProcessor.EvalInternal(Node node, JToken input, Environment env) in f:\Projects\_NuGet\jsonata.net.native\src\Jsonata.Net.Native\Eval\EvalProcessor.cs:line 128
   at Jsonata.Net.Native.Eval.EvalProcessor.Eval(Node node, JToken input, Environment env) in f:\Projects\_NuGet\jsonata.net.native\src\Jsonata.Net.Native\Eval\EvalProcessor.cs:line 50
   at Jsonata.Net.Native.Eval.EvalProcessor.EvaluateJson(Node rootNode, JToken data, JObject bindings) in f:\Projects\_NuGet\jsonata.net.native\src\Jsonata.Net.Native\Eval\EvalProcessor.cs:line 36
   at Jsonata.Net.Native.JsonataQuery.Eval(JToken data, JObject bindings) in f:\Projects\_NuGet\jsonata.net.native\src\Jsonata.Net.Native\JsonataQuery.cs:line 39
   at Jsonata.Net.Native.TestSuite.Tests.Test(CaseInfo caseInfo) in f:\Projects\_NuGet\jsonata.net.native\src\Jsonata.Net.Native.TestSuite\UnitTest1.cs:line 75]]></message>
                  </reason>
                  <output><![CDATA[Expr is '$ ~> |(Account.Order.Product)[0]|{"Description":"blah"}|'
]]></output>
                </test-case>
                <test-case id="0-2580" name="transforms.case006" fullname="Jsonata.Net.Native.TestSuite.Tests.transforms.case006" methodname="Test" classname="Jsonata.Net.Native.TestSuite.Tests" runstate="Runnable" seed="1522136252" result="Skipped" label="Ignored" start-time="2021-10-30T22:08:25.2928516Z" end-time="2021-10-30T22:08:25.2939975Z" duration="0.001146" asserts="0">
                  <properties>
                    <property name="Description" value="expr: '$ ~&gt; |foo.bar|{&quot;Description&quot;:&quot;blah&quot;}|';&#xA; result: {&quot;Account&quot;:{&quot;Account Name&quot;:&quot;Firefly&quot;,&quot;Order&quot;:[{&quot;OrderID&quot;:&quot;order103&quot;,&quot;Product&quot;:[{&quot;Product Name&quot;:&quot;Bowler Hat&quot;,&quot;ProductID&quot;:858383,&quot;SKU&quot;:&quot;0406654608&quot;,&quot;Description&quot;:{&quot;Colour&quot;:&quot;Purple&quot;,&quot;Width&quot;:300,&quot;Height&quot;:200,&quot;Depth&quot;:210,&quot;Weight&quot;:0.75},&quot;Price&quot;:34.45,&quot;Quantity&quot;:2},{&quot;Product Name&quot;:&quot;Trilby hat&quot;,&quot;ProductID&quot;:858236,&quot;SKU&quot;:&quot;0406634348&quot;,&quot;Description&quot;:{&quot;Colour&quot;:&quot;Orange&quot;,&quot;Width&quot;:300,&quot;Height&quot;:200,&quot;Depth&quot;:210,&quot;Weight&quot;:0.6},&quot;Price&quot;:21.67,&quot;Quantity&quot;:1}]},{&quot;OrderID&quot;:&quot;order104&quot;,&quot;Product&quot;:[{&quot;Product Name&quot;:&quot;Bowler Hat&quot;,&quot;ProductID&quot;:858383,&quot;SKU&quot;:&quot;040657863&quot;,&quot;Description&quot;:{&quot;Colour&quot;:&quot;Purple&quot;,&quot;Width&quot;:300,&quot;Height&quot;:200,&quot;Depth&quot;:210,&quot;Weight&quot;:0.75},&quot;Price&quot;:34.45,&quot;Quantity&quot;:4},{&quot;ProductID&quot;:345664,&quot;SKU&quot;:&quot;0406654603&quot;,&quot;Product Name&quot;:&quot;Cloak&quot;,&quot;Description&quot;:{&quot;Colour&quot;:&quot;Black&quot;,&quot;Width&quot;:30,&quot;Height&quot;:20,&quot;Depth&quot;:210,&quot;Weight&quot;:2},&quot;Price&quot;:107.99,&quot;Quantity&quot;:1}]}]}}" />
                  </properties>
                  <reason>
                    <message><![CDATA[Failed with exception: TODO: implement
(NotImplementedException)
   at Jsonata.Net.Native.Eval.EvalProcessor.evalFunctionApplication(FunctionApplicationNode functionApplicationNode, JToken input, Environment env) in f:\Projects\_NuGet\jsonata.net.native\src\Jsonata.Net.Native\Eval\EvalProcessor.cs:line 179
   at Jsonata.Net.Native.Eval.EvalProcessor.EvalInternal(Node node, JToken input, Environment env) in f:\Projects\_NuGet\jsonata.net.native\src\Jsonata.Net.Native\Eval\EvalProcessor.cs:line 128
   at Jsonata.Net.Native.Eval.EvalProcessor.Eval(Node node, JToken input, Environment env) in f:\Projects\_NuGet\jsonata.net.native\src\Jsonata.Net.Native\Eval\EvalProcessor.cs:line 50
   at Jsonata.Net.Native.Eval.EvalProcessor.EvaluateJson(Node rootNode, JToken data, JObject bindings) in f:\Projects\_NuGet\jsonata.net.native\src\Jsonata.Net.Native\Eval\EvalProcessor.cs:line 36
   at Jsonata.Net.Native.JsonataQuery.Eval(JToken data, JObject bindings) in f:\Projects\_NuGet\jsonata.net.native\src\Jsonata.Net.Native\JsonataQuery.cs:line 39
   at Jsonata.Net.Native.TestSuite.Tests.Test(CaseInfo caseInfo) in f:\Projects\_NuGet\jsonata.net.native\src\Jsonata.Net.Native.TestSuite\UnitTest1.cs:line 75]]></message>
                  </reason>
                  <output><![CDATA[Expr is '$ ~> |foo.bar|{"Description":"blah"}|'
]]></output>
                </test-case>
                <test-case id="0-2581" name="transforms.case007" fullname="Jsonata.Net.Native.TestSuite.Tests.transforms.case007" methodname="Test" classname="Jsonata.Net.Native.TestSuite.Tests" runstate="Runnable" seed="2026703523" result="Skipped" label="Ignored" start-time="2021-10-30T22:08:25.2940199Z" end-time="2021-10-30T22:08:25.2947299Z" duration="0.000710" asserts="0">
                  <properties>
                    <property name="Description" value="expr: 'Account ~&gt; |Order|{&quot;Product&quot;:&quot;blah&quot;},nomatch|';&#xA; result: {&quot;Account Name&quot;:&quot;Firefly&quot;,&quot;Order&quot;:[{&quot;OrderID&quot;:&quot;order103&quot;,&quot;Product&quot;:&quot;blah&quot;},{&quot;OrderID&quot;:&quot;order104&quot;,&quot;Product&quot;:&quot;blah&quot;}]}" />
                  </properties>
                  <reason>
                    <message><![CDATA[Failed with exception: TODO: implement
(NotImplementedException)
   at Jsonata.Net.Native.Eval.EvalProcessor.evalFunctionApplication(FunctionApplicationNode functionApplicationNode, JToken input, Environment env) in f:\Projects\_NuGet\jsonata.net.native\src\Jsonata.Net.Native\Eval\EvalProcessor.cs:line 179
   at Jsonata.Net.Native.Eval.EvalProcessor.EvalInternal(Node node, JToken input, Environment env) in f:\Projects\_NuGet\jsonata.net.native\src\Jsonata.Net.Native\Eval\EvalProcessor.cs:line 128
   at Jsonata.Net.Native.Eval.EvalProcessor.Eval(Node node, JToken input, Environment env) in f:\Projects\_NuGet\jsonata.net.native\src\Jsonata.Net.Native\Eval\EvalProcessor.cs:line 50
   at Jsonata.Net.Native.Eval.EvalProcessor.EvaluateJson(Node rootNode, JToken data, JObject bindings) in f:\Projects\_NuGet\jsonata.net.native\src\Jsonata.Net.Native\Eval\EvalProcessor.cs:line 36
   at Jsonata.Net.Native.JsonataQuery.Eval(JToken data, JObject bindings) in f:\Projects\_NuGet\jsonata.net.native\src\Jsonata.Net.Native\JsonataQuery.cs:line 39
   at Jsonata.Net.Native.TestSuite.Tests.Test(CaseInfo caseInfo) in f:\Projects\_NuGet\jsonata.net.native\src\Jsonata.Net.Native.TestSuite\UnitTest1.cs:line 75]]></message>
                  </reason>
                  <output><![CDATA[Expr is 'Account ~> |Order|{"Product":"blah"},nomatch|'
]]></output>
                </test-case>
                <test-case id="0-2582" name="transforms.case008" fullname="Jsonata.Net.Native.TestSuite.Tests.transforms.case008" methodname="Test" classname="Jsonata.Net.Native.TestSuite.Tests" runstate="Runnable" seed="1871779154" result="Skipped" label="Ignored" start-time="2021-10-30T22:08:25.2947434Z" end-time="2021-10-30T22:08:25.3018464Z" duration="0.007103" asserts="0">
                  <properties>
                    <property name="Description" value="expr: 'foo ~&gt; |foo.bar|{&quot;Description&quot;:&quot;blah&quot;}|';&#xA; result: undefined" />
                  </properties>
                  <reason>
                    <message><![CDATA[Failed with exception: TODO: implement
(NotImplementedException)
   at Jsonata.Net.Native.Eval.EvalProcessor.evalFunctionApplication(FunctionApplicationNode functionApplicationNode, JToken input, Environment env) in f:\Projects\_NuGet\jsonata.net.native\src\Jsonata.Net.Native\Eval\EvalProcessor.cs:line 179
   at Jsonata.Net.Native.Eval.EvalProcessor.EvalInternal(Node node, JToken input, Environment env) in f:\Projects\_NuGet\jsonata.net.native\src\Jsonata.Net.Native\Eval\EvalProcessor.cs:line 128
   at Jsonata.Net.Native.Eval.EvalProcessor.Eval(Node node, JToken input, Environment env) in f:\Projects\_NuGet\jsonata.net.native\src\Jsonata.Net.Native\Eval\EvalProcessor.cs:line 50
   at Jsonata.Net.Native.Eval.EvalProcessor.EvaluateJson(Node rootNode, JToken data, JObject bindings) in f:\Projects\_NuGet\jsonata.net.native\src\Jsonata.Net.Native\Eval\EvalProcessor.cs:line 36
   at Jsonata.Net.Native.JsonataQuery.Eval(JToken data, JObject bindings) in f:\Projects\_NuGet\jsonata.net.native\src\Jsonata.Net.Native\JsonataQuery.cs:line 39
   at Jsonata.Net.Native.TestSuite.Tests.Test(CaseInfo caseInfo) in f:\Projects\_NuGet\jsonata.net.native\src\Jsonata.Net.Native.TestSuite\UnitTest1.cs:line 75]]></message>
                  </reason>
                  <output><![CDATA[Expr is 'foo ~> |foo.bar|{"Description":"blah"}|'
]]></output>
                </test-case>
                <test-case id="0-2583" name="transforms.case009" fullname="Jsonata.Net.Native.TestSuite.Tests.transforms.case009" methodname="Test" classname="Jsonata.Net.Native.TestSuite.Tests" runstate="Runnable" seed="1270083227" result="Skipped" label="Ignored" start-time="2021-10-30T22:08:25.3055217Z" end-time="2021-10-30T22:08:25.3065532Z" duration="0.001031" asserts="0">
                  <properties>
                    <property name="Description" value="expr: 'Account ~&gt; |Order|5|';&#xA; result: error T2011" />
                  </properties>
                  <reason>
                    <message><![CDATA[Failed with exception: TODO: implement
(NotImplementedException)
   at Jsonata.Net.Native.Eval.EvalProcessor.evalFunctionApplication(FunctionApplicationNode functionApplicationNode, JToken input, Environment env) in f:\Projects\_NuGet\jsonata.net.native\src\Jsonata.Net.Native\Eval\EvalProcessor.cs:line 179
   at Jsonata.Net.Native.Eval.EvalProcessor.EvalInternal(Node node, JToken input, Environment env) in f:\Projects\_NuGet\jsonata.net.native\src\Jsonata.Net.Native\Eval\EvalProcessor.cs:line 128
   at Jsonata.Net.Native.Eval.EvalProcessor.Eval(Node node, JToken input, Environment env) in f:\Projects\_NuGet\jsonata.net.native\src\Jsonata.Net.Native\Eval\EvalProcessor.cs:line 50
   at Jsonata.Net.Native.Eval.EvalProcessor.EvaluateJson(Node rootNode, JToken data, JObject bindings) in f:\Projects\_NuGet\jsonata.net.native\src\Jsonata.Net.Native\Eval\EvalProcessor.cs:line 36
   at Jsonata.Net.Native.JsonataQuery.Eval(JToken data, JObject bindings) in f:\Projects\_NuGet\jsonata.net.native\src\Jsonata.Net.Native\JsonataQuery.cs:line 39
   at Jsonata.Net.Native.TestSuite.Tests.Test(CaseInfo caseInfo) in f:\Projects\_NuGet\jsonata.net.native\src\Jsonata.Net.Native.TestSuite\UnitTest1.cs:line 75]]></message>
                  </reason>
                  <output><![CDATA[Expr is 'Account ~> |Order|5|'
]]></output>
                </test-case>
                <test-case id="0-2584" name="transforms.case010" fullname="Jsonata.Net.Native.TestSuite.Tests.transforms.case010" methodname="Test" classname="Jsonata.Net.Native.TestSuite.Tests" runstate="Runnable" seed="383650119" result="Skipped" label="Ignored" start-time="2021-10-30T22:08:25.3093763Z" end-time="2021-10-30T22:08:25.3104540Z" duration="0.001078" asserts="0">
                  <properties>
                    <property name="Description" value="expr: 'Account ~&gt; |Order|{},5|';&#xA; result: error T2012" />
                  </properties>
                  <reason>
                    <message><![CDATA[Failed with exception: TODO: implement
(NotImplementedException)
   at Jsonata.Net.Native.Eval.EvalProcessor.evalFunctionApplication(FunctionApplicationNode functionApplicationNode, JToken input, Environment env) in f:\Projects\_NuGet\jsonata.net.native\src\Jsonata.Net.Native\Eval\EvalProcessor.cs:line 179
   at Jsonata.Net.Native.Eval.EvalProcessor.EvalInternal(Node node, JToken input, Environment env) in f:\Projects\_NuGet\jsonata.net.native\src\Jsonata.Net.Native\Eval\EvalProcessor.cs:line 128
   at Jsonata.Net.Native.Eval.EvalProcessor.Eval(Node node, JToken input, Environment env) in f:\Projects\_NuGet\jsonata.net.native\src\Jsonata.Net.Native\Eval\EvalProcessor.cs:line 50
   at Jsonata.Net.Native.Eval.EvalProcessor.EvaluateJson(Node rootNode, JToken data, JObject bindings) in f:\Projects\_NuGet\jsonata.net.native\src\Jsonata.Net.Native\Eval\EvalProcessor.cs:line 36
   at Jsonata.Net.Native.JsonataQuery.Eval(JToken data, JObject bindings) in f:\Projects\_NuGet\jsonata.net.native\src\Jsonata.Net.Native\JsonataQuery.cs:line 39
   at Jsonata.Net.Native.TestSuite.Tests.Test(CaseInfo caseInfo) in f:\Projects\_NuGet\jsonata.net.native\src\Jsonata.Net.Native.TestSuite\UnitTest1.cs:line 75]]></message>
                  </reason>
                  <output><![CDATA[Expr is 'Account ~> |Order|{},5|'
]]></output>
                </test-case>
                <test-case id="0-2585" name="transforms.case011" fullname="Jsonata.Net.Native.TestSuite.Tests.transforms.case011" methodname="Test" classname="Jsonata.Net.Native.TestSuite.Tests" runstate="Runnable" seed="1211463133" result="Skipped" label="Ignored" start-time="2021-10-30T22:08:25.3145905Z" end-time="2021-10-30T22:08:25.3157041Z" duration="0.001114" asserts="0">
                  <properties>
                    <property name="Description" value="expr: 'Account ~&gt; |Order|{&quot;Product&quot;:&quot;blah&quot;},nomatch|';&#xA; result: {&quot;Account Name&quot;:&quot;Firefly&quot;,&quot;Order&quot;:[{&quot;OrderID&quot;:&quot;order103&quot;,&quot;Product&quot;:&quot;blah&quot;},{&quot;OrderID&quot;:&quot;order104&quot;,&quot;Product&quot;:&quot;blah&quot;}]}" />
                  </properties>
                  <reason>
                    <message><![CDATA[Failed with exception: TODO: implement
(NotImplementedException)
   at Jsonata.Net.Native.Eval.EvalProcessor.evalFunctionApplication(FunctionApplicationNode functionApplicationNode, JToken input, Environment env) in f:\Projects\_NuGet\jsonata.net.native\src\Jsonata.Net.Native\Eval\EvalProcessor.cs:line 179
   at Jsonata.Net.Native.Eval.EvalProcessor.EvalInternal(Node node, JToken input, Environment env) in f:\Projects\_NuGet\jsonata.net.native\src\Jsonata.Net.Native\Eval\EvalProcessor.cs:line 128
   at Jsonata.Net.Native.Eval.EvalProcessor.Eval(Node node, JToken input, Environment env) in f:\Projects\_NuGet\jsonata.net.native\src\Jsonata.Net.Native\Eval\EvalProcessor.cs:line 50
   at Jsonata.Net.Native.Eval.EvalProcessor.EvaluateJson(Node rootNode, JToken data, JObject bindings) in f:\Projects\_NuGet\jsonata.net.native\src\Jsonata.Net.Native\Eval\EvalProcessor.cs:line 36
   at Jsonata.Net.Native.JsonataQuery.Eval(JToken data, JObject bindings) in f:\Projects\_NuGet\jsonata.net.native\src\Jsonata.Net.Native\JsonataQuery.cs:line 39
   at Jsonata.Net.Native.TestSuite.Tests.Test(CaseInfo caseInfo) in f:\Projects\_NuGet\jsonata.net.native\src\Jsonata.Net.Native.TestSuite\UnitTest1.cs:line 75]]></message>
                  </reason>
                  <output><![CDATA[Expr is 'Account ~> |Order|{"Product":"blah"},nomatch|'
]]></output>
                </test-case>
                <test-case id="0-2586" name="transforms.case012" fullname="Jsonata.Net.Native.TestSuite.Tests.transforms.case012" methodname="Test" classname="Jsonata.Net.Native.TestSuite.Tests" runstate="Runnable" seed="18071637" result="Skipped" label="Ignored" start-time="2021-10-30T22:08:25.3289459Z" end-time="2021-10-30T22:08:25.3362944Z" duration="0.007360" asserts="0">
                  <properties>
                    <property name="Description" value="expr: '{} ~&gt; |$|['one', 'two', 'three']|';&#xA; result: error T2011" />
                  </properties>
                  <reason>
                    <message><![CDATA[Failed with exception: TODO: implement
(NotImplementedException)
   at Jsonata.Net.Native.Eval.EvalProcessor.evalFunctionApplication(FunctionApplicationNode functionApplicationNode, JToken input, Environment env) in f:\Projects\_NuGet\jsonata.net.native\src\Jsonata.Net.Native\Eval\EvalProcessor.cs:line 179
   at Jsonata.Net.Native.Eval.EvalProcessor.EvalInternal(Node node, JToken input, Environment env) in f:\Projects\_NuGet\jsonata.net.native\src\Jsonata.Net.Native\Eval\EvalProcessor.cs:line 128
   at Jsonata.Net.Native.Eval.EvalProcessor.Eval(Node node, JToken input, Environment env) in f:\Projects\_NuGet\jsonata.net.native\src\Jsonata.Net.Native\Eval\EvalProcessor.cs:line 50
   at Jsonata.Net.Native.Eval.EvalProcessor.EvaluateJson(Node rootNode, JToken data, JObject bindings) in f:\Projects\_NuGet\jsonata.net.native\src\Jsonata.Net.Native\Eval\EvalProcessor.cs:line 36
   at Jsonata.Net.Native.JsonataQuery.Eval(JToken data, JObject bindings) in f:\Projects\_NuGet\jsonata.net.native\src\Jsonata.Net.Native\JsonataQuery.cs:line 39
   at Jsonata.Net.Native.TestSuite.Tests.Test(CaseInfo caseInfo) in f:\Projects\_NuGet\jsonata.net.native\src\Jsonata.Net.Native.TestSuite\UnitTest1.cs:line 75]]></message>
                  </reason>
                  <output><![CDATA[Expr is '{} ~> |$|['one', 'two', 'three']|'
]]></output>
                </test-case>
                <test-case id="0-2587" name="transforms.case013" fullname="Jsonata.Net.Native.TestSuite.Tests.transforms.case013" methodname="Test" classname="Jsonata.Net.Native.TestSuite.Tests" runstate="Runnable" seed="1079866372" result="Skipped" label="Ignored" start-time="2021-10-30T22:08:25.3376359Z" end-time="2021-10-30T22:08:25.3385702Z" duration="0.000935" asserts="0">
                  <properties>
                    <property name="Description" value="expr: '$ ~&gt; | ** ['hi'] | {'hello': hi}, ['hi'] |';&#xA; result: {&quot;hello&quot;:&quot;world&quot;,&quot;bye&quot;:null}" />
                  </properties>
                  <reason>
                    <message><![CDATA[Failed with exception: TODO: implement
(NotImplementedException)
   at Jsonata.Net.Native.Eval.EvalProcessor.evalFunctionApplication(FunctionApplicationNode functionApplicationNode, JToken input, Environment env) in f:\Projects\_NuGet\jsonata.net.native\src\Jsonata.Net.Native\Eval\EvalProcessor.cs:line 179
   at Jsonata.Net.Native.Eval.EvalProcessor.EvalInternal(Node node, JToken input, Environment env) in f:\Projects\_NuGet\jsonata.net.native\src\Jsonata.Net.Native\Eval\EvalProcessor.cs:line 128
   at Jsonata.Net.Native.Eval.EvalProcessor.Eval(Node node, JToken input, Environment env) in f:\Projects\_NuGet\jsonata.net.native\src\Jsonata.Net.Native\Eval\EvalProcessor.cs:line 50
   at Jsonata.Net.Native.Eval.EvalProcessor.EvaluateJson(Node rootNode, JToken data, JObject bindings) in f:\Projects\_NuGet\jsonata.net.native\src\Jsonata.Net.Native\Eval\EvalProcessor.cs:line 36
   at Jsonata.Net.Native.JsonataQuery.Eval(JToken data, JObject bindings) in f:\Projects\_NuGet\jsonata.net.native\src\Jsonata.Net.Native\JsonataQuery.cs:line 39
   at Jsonata.Net.Native.TestSuite.Tests.Test(CaseInfo caseInfo) in f:\Projects\_NuGet\jsonata.net.native\src\Jsonata.Net.Native.TestSuite\UnitTest1.cs:line 75]]></message>
                  </reason>
                  <output><![CDATA[Expr is '$ ~> | ** ['hi'] | {'hello': hi}, ['hi'] |'
]]></output>
                </test-case>
                <test-case id="0-2588" name="transforms.case014" fullname="Jsonata.Net.Native.TestSuite.Tests.transforms.case014" methodname="Test" classname="Jsonata.Net.Native.TestSuite.Tests" runstate="Runnable" seed="1439072521" result="Skipped" label="Ignored" start-time="2021-10-30T22:08:25.3392723Z" end-time="2021-10-30T22:08:25.3398072Z" duration="0.000535" asserts="0">
                  <properties>
                    <property name="Description" value="expr: '$ ~&gt; | ** [hi] | {'hello': hi}, ['hi'] |';&#xA; result: {&quot;bye&quot;:null,&quot;hello&quot;:&quot;world&quot;}" />
                  </properties>
                  <reason>
                    <message><![CDATA[Failed with exception: TODO: implement
(NotImplementedException)
   at Jsonata.Net.Native.Eval.EvalProcessor.evalFunctionApplication(FunctionApplicationNode functionApplicationNode, JToken input, Environment env) in f:\Projects\_NuGet\jsonata.net.native\src\Jsonata.Net.Native\Eval\EvalProcessor.cs:line 179
   at Jsonata.Net.Native.Eval.EvalProcessor.EvalInternal(Node node, JToken input, Environment env) in f:\Projects\_NuGet\jsonata.net.native\src\Jsonata.Net.Native\Eval\EvalProcessor.cs:line 128
   at Jsonata.Net.Native.Eval.EvalProcessor.Eval(Node node, JToken input, Environment env) in f:\Projects\_NuGet\jsonata.net.native\src\Jsonata.Net.Native\Eval\EvalProcessor.cs:line 50
   at Jsonata.Net.Native.Eval.EvalProcessor.EvaluateJson(Node rootNode, JToken data, JObject bindings) in f:\Projects\_NuGet\jsonata.net.native\src\Jsonata.Net.Native\Eval\EvalProcessor.cs:line 36
   at Jsonata.Net.Native.JsonataQuery.Eval(JToken data, JObject bindings) in f:\Projects\_NuGet\jsonata.net.native\src\Jsonata.Net.Native\JsonataQuery.cs:line 39
   at Jsonata.Net.Native.TestSuite.Tests.Test(CaseInfo caseInfo) in f:\Projects\_NuGet\jsonata.net.native\src\Jsonata.Net.Native.TestSuite\UnitTest1.cs:line 75]]></message>
                  </reason>
                  <output><![CDATA[Expr is '$ ~> | ** [hi] | {'hello': hi}, ['hi'] |'
]]></output>
                </test-case>
                <test-case id="0-2589" name="variables.case000" fullname="Jsonata.Net.Native.TestSuite.Tests.variables.case000" methodname="Test" classname="Jsonata.Net.Native.TestSuite.Tests" runstate="Runnable" seed="1377588520" result="Passed" start-time="2021-10-30T22:08:25.3402519Z" end-time="2021-10-30T22:08:25.3404656Z" duration="0.000214" asserts="1">
                  <properties>
                    <property name="Description" value="expr: '$price.foo.bar';&#xA; result: 45" />
                  </properties>
                  <output><![CDATA[Expr is '$price.foo.bar'
Result: '45'
Expected: '45'
]]></output>
                </test-case>
                <test-case id="0-2590" name="variables.case001" fullname="Jsonata.Net.Native.TestSuite.Tests.variables.case001" methodname="Test" classname="Jsonata.Net.Native.TestSuite.Tests" runstate="Runnable" seed="1490025541" result="Passed" start-time="2021-10-30T22:08:25.3420547Z" end-time="2021-10-30T22:08:25.3422895Z" duration="0.000235" asserts="1">
                  <properties>
                    <property name="Description" value="expr: '$price.foo.bar';&#xA; result: 45" />
                  </properties>
                  <output><![CDATA[Expr is '$price.foo.bar'
Result: '45'
Expected: '45'
]]></output>
                </test-case>
                <test-case id="0-2591" name="variables.case002" fullname="Jsonata.Net.Native.TestSuite.Tests.variables.case002" methodname="Test" classname="Jsonata.Net.Native.TestSuite.Tests" runstate="Runnable" seed="1251417309" result="Passed" start-time="2021-10-30T22:08:25.3423378Z" end-time="2021-10-30T22:08:25.3427502Z" duration="0.000413" asserts="1">
                  <properties>
                    <property name="Description" value="expr: '$var[1]';&#xA; result: 2" />
                  </properties>
                  <output><![CDATA[Expr is '$var[1]'
Result: '2'
Expected: '2'
]]></output>
                </test-case>
                <test-case id="0-2592" name="variables.case003" fullname="Jsonata.Net.Native.TestSuite.Tests.variables.case003" methodname="Test" classname="Jsonata.Net.Native.TestSuite.Tests" runstate="Runnable" seed="1611499609" result="Passed" start-time="2021-10-30T22:08:25.3434804Z" end-time="2021-10-30T22:08:25.3436229Z" duration="0.000142" asserts="1">
                  <properties>
                    <property name="Description" value="expr: '$.foo.bar';&#xA; result: 42" />
                  </properties>
                  <output><![CDATA[Expr is '$.foo.bar'
Result: '42'
Expected: '42'
]]></output>
                </test-case>
                <test-case id="0-2593" name="variables.case004" fullname="Jsonata.Net.Native.TestSuite.Tests.variables.case004" methodname="Test" classname="Jsonata.Net.Native.TestSuite.Tests" runstate="Runnable" seed="503652896" result="Passed" start-time="2021-10-30T22:08:25.3436890Z" end-time="2021-10-30T22:08:25.3441536Z" duration="0.000465" asserts="1">
                  <properties>
                    <property name="Description" value="expr: '$a := 5';&#xA; result: 5" />
                  </properties>
                  <output><![CDATA[Expr is '$a := 5'
Result: '5'
Expected: '5'
]]></output>
                </test-case>
                <test-case id="0-2594" name="variables.case005" fullname="Jsonata.Net.Native.TestSuite.Tests.variables.case005" methodname="Test" classname="Jsonata.Net.Native.TestSuite.Tests" runstate="Runnable" seed="406773723" result="Passed" start-time="2021-10-30T22:08:25.3445991Z" end-time="2021-10-30T22:08:25.3447322Z" duration="0.000133" asserts="1">
                  <properties>
                    <property name="Description" value="expr: '$a := $b := 5';&#xA; result: 5" />
                  </properties>
                  <output><![CDATA[Expr is '$a := $b := 5'
Result: '5'
Expected: '5'
]]></output>
                </test-case>
                <test-case id="0-2595" name="variables.case006" fullname="Jsonata.Net.Native.TestSuite.Tests.variables.case006" methodname="Test" classname="Jsonata.Net.Native.TestSuite.Tests" runstate="Runnable" seed="2082272772" result="Passed" start-time="2021-10-30T22:08:25.3451700Z" end-time="2021-10-30T22:08:25.3452747Z" duration="0.000104" asserts="1">
                  <properties>
                    <property name="Description" value="expr: '($a := $b := 5; $a)';&#xA; result: 5" />
                  </properties>
                  <output><![CDATA[Expr is '($a := $b := 5; $a)'
Result: '5'
Expected: '5'
]]></output>
                </test-case>
                <test-case id="0-2596" name="variables.case007" fullname="Jsonata.Net.Native.TestSuite.Tests.variables.case007" methodname="Test" classname="Jsonata.Net.Native.TestSuite.Tests" runstate="Runnable" seed="1857226413" result="Passed" start-time="2021-10-30T22:08:25.3459536Z" end-time="2021-10-30T22:08:25.3460907Z" duration="0.000137" asserts="1">
                  <properties>
                    <property name="Description" value="expr: '($a := $b := 5; $b)';&#xA; result: 5" />
                  </properties>
                  <output><![CDATA[Expr is '($a := $b := 5; $b)'
Result: '5'
Expected: '5'
]]></output>
                </test-case>
                <test-case id="0-2597" name="variables.case008" fullname="Jsonata.Net.Native.TestSuite.Tests.variables.case008" methodname="Test" classname="Jsonata.Net.Native.TestSuite.Tests" runstate="Runnable" seed="218946853" result="Skipped" label="Ignored" start-time="2021-10-30T22:08:25.3467327Z" end-time="2021-10-30T22:08:25.3489089Z" duration="0.002176" asserts="0">
                  <properties>
                    <property name="Description" value="expr: '( $a := 5; $a := $a + 2; $a )';&#xA; result: 7" />
                  </properties>
                  <reason>
                    <message><![CDATA[Failed with exception: An item with the same key has already been added. Key: a
(ArgumentException)
   at System.Collections.Generic.Dictionary`2.TryInsert(TKey key, TValue value, InsertionBehavior behavior)
   at System.Collections.Generic.Dictionary`2.Add(TKey key, TValue value)
   at Jsonata.Net.Native.Eval.Environment.Bind(String name, JToken value) in f:\Projects\_NuGet\jsonata.net.native\src\Jsonata.Net.Native\Eval\Environment.cs:line 56
   at Jsonata.Net.Native.Eval.EvalProcessor.evalAssignment(AssignmentNode assignmentNode, JToken input, Environment env) in f:\Projects\_NuGet\jsonata.net.native\src\Jsonata.Net.Native\Eval\EvalProcessor.cs:line 230
   at Jsonata.Net.Native.Eval.EvalProcessor.EvalInternal(Node node, JToken input, Environment env) in f:\Projects\_NuGet\jsonata.net.native\src\Jsonata.Net.Native\Eval\EvalProcessor.cs:line 102
   at Jsonata.Net.Native.Eval.EvalProcessor.Eval(Node node, JToken input, Environment env) in f:\Projects\_NuGet\jsonata.net.native\src\Jsonata.Net.Native\Eval\EvalProcessor.cs:line 50
   at Jsonata.Net.Native.Eval.EvalProcessor.evalBlock(BlockNode blockNode, JToken input, Environment env) in f:\Projects\_NuGet\jsonata.net.native\src\Jsonata.Net.Native\Eval\EvalProcessor.cs:line 245
   at Jsonata.Net.Native.Eval.EvalProcessor.EvalInternal(Node node, JToken input, Environment env) in f:\Projects\_NuGet\jsonata.net.native\src\Jsonata.Net.Native\Eval\EvalProcessor.cs:line 98
   at Jsonata.Net.Native.Eval.EvalProcessor.Eval(Node node, JToken input, Environment env) in f:\Projects\_NuGet\jsonata.net.native\src\Jsonata.Net.Native\Eval\EvalProcessor.cs:line 50
   at Jsonata.Net.Native.Eval.EvalProcessor.EvaluateJson(Node rootNode, JToken data, JObject bindings) in f:\Projects\_NuGet\jsonata.net.native\src\Jsonata.Net.Native\Eval\EvalProcessor.cs:line 36
   at Jsonata.Net.Native.JsonataQuery.Eval(JToken data, JObject bindings) in f:\Projects\_NuGet\jsonata.net.native\src\Jsonata.Net.Native\JsonataQuery.cs:line 39
   at Jsonata.Net.Native.TestSuite.Tests.Test(CaseInfo caseInfo) in f:\Projects\_NuGet\jsonata.net.native\src\Jsonata.Net.Native.TestSuite\UnitTest1.cs:line 75]]></message>
                  </reason>
                  <output><![CDATA[Expr is '( $a := 5; $a := $a + 2; $a )'
]]></output>
                </test-case>
                <test-case id="0-2598" name="variables.case009" fullname="Jsonata.Net.Native.TestSuite.Tests.variables.case009" methodname="Test" classname="Jsonata.Net.Native.TestSuite.Tests" runstate="Runnable" seed="2513938" result="Passed" start-time="2021-10-30T22:08:25.3495045Z" end-time="2021-10-30T22:08:25.3496787Z" duration="0.000174" asserts="1">
                  <properties>
                    <property name="Description" value="expr: '[1,2,3].$v';&#xA; result: undefined" />
                  </properties>
                  <output><![CDATA[Expr is '[1,2,3].$v'
Result: 'undefined'
Expected 'undefined'
]]></output>
                </test-case>
                <test-case id="0-2599" name="variables.case010" fullname="Jsonata.Net.Native.TestSuite.Tests.variables.case010" methodname="Test" classname="Jsonata.Net.Native.TestSuite.Tests" runstate="Runnable" seed="248397682" result="Passed" start-time="2021-10-30T22:08:25.3497113Z" end-time="2021-10-30T22:08:25.3498492Z" duration="0.000138" asserts="1">
                  <properties>
                    <property name="Description" value="expr: '( $foo := &quot;defined&quot;; ( $foo := nothing ); $foo )';&#xA; result: &quot;defined&quot;" />
                  </properties>
                  <output><![CDATA[Expr is '( $foo := "defined"; ( $foo := nothing ); $foo )'
Result: '"defined"'
Expected: '"defined"'
]]></output>
                </test-case>
                <test-case id="0-2600" name="variables.case011" fullname="Jsonata.Net.Native.TestSuite.Tests.variables.case011" methodname="Test" classname="Jsonata.Net.Native.TestSuite.Tests" runstate="Runnable" seed="1901603882" result="Passed" start-time="2021-10-30T22:08:25.3498927Z" end-time="2021-10-30T22:08:25.3500681Z" duration="0.000175" asserts="1">
                  <properties>
                    <property name="Description" value="expr: '( $foo := &quot;defined&quot;; ( $foo := nothing; $foo ) )';&#xA; result: undefined" />
                  </properties>
                  <output><![CDATA[Expr is '( $foo := "defined"; ( $foo := nothing; $foo ) )'
Result: 'undefined'
Expected 'undefined'
]]></output>
                </test-case>
                <test-case id="0-2601" name="variables.case012" fullname="Jsonata.Net.Native.TestSuite.Tests.variables.case012" methodname="Test" classname="Jsonata.Net.Native.TestSuite.Tests" runstate="Runnable" seed="1493909943" result="Passed" start-time="2021-10-30T22:08:25.3508554Z" end-time="2021-10-30T22:08:25.3515207Z" duration="0.000660" asserts="0">
                  <properties>
                    <property name="Description" value="expr: '($a := [1,2]; $a[1]:=3; $a)';&#xA; result: error S0212" />
                  </properties>
                  <reason>
                    <message><![CDATA[Expected to throw error with code S0212]]></message>
                  </reason>
                  <output><![CDATA[Expr is '($a := [1,2]; $a[1]:=3; $a)'
]]></output>
                </test-case>
                <test-case id="0-2602" name="wildcards.case000" fullname="Jsonata.Net.Native.TestSuite.Tests.wildcards.case000" methodname="Test" classname="Jsonata.Net.Native.TestSuite.Tests" runstate="Runnable" seed="401017872" result="Passed" start-time="2021-10-30T22:08:25.3517381Z" end-time="2021-10-30T22:08:25.3562909Z" duration="0.004553" asserts="1">
                  <properties>
                    <property name="Description" value="expr: 'foo.*';&#xA; result: [42,{&quot;baz&quot;:{&quot;fud&quot;:&quot;hello&quot;}},{&quot;baz&quot;:{&quot;fud&quot;:&quot;world&quot;}},{&quot;bazz&quot;:&quot;gotcha&quot;},&quot;here&quot;]" />
                  </properties>
                  <output><![CDATA[Expr is 'foo.*'
Result: '[42,{"baz":{"fud":"hello"}},{"baz":{"fud":"world"}},{"bazz":"gotcha"},"here"]'
Expected: '[42,{"baz":{"fud":"hello"}},{"baz":{"fud":"world"}},{"bazz":"gotcha"},"here"]'
]]></output>
                </test-case>
                <test-case id="0-2603" name="wildcards.case001" fullname="Jsonata.Net.Native.TestSuite.Tests.wildcards.case001" methodname="Test" classname="Jsonata.Net.Native.TestSuite.Tests" runstate="Runnable" seed="2080224018" result="Passed" start-time="2021-10-30T22:08:25.3563313Z" end-time="2021-10-30T22:08:25.3564955Z" duration="0.000164" asserts="1">
                  <properties>
                    <property name="Description" value="expr: 'foo.*.baz';&#xA; result: [{&quot;fud&quot;:&quot;hello&quot;},{&quot;fud&quot;:&quot;world&quot;}]" />
                  </properties>
                  <output><![CDATA[Expr is 'foo.*.baz'
Result: '[{"fud":"hello"},{"fud":"world"}]'
Expected: '[{"fud":"hello"},{"fud":"world"}]'
]]></output>
                </test-case>
                <test-case id="0-2604" name="wildcards.case002" fullname="Jsonata.Net.Native.TestSuite.Tests.wildcards.case002" methodname="Test" classname="Jsonata.Net.Native.TestSuite.Tests" runstate="Runnable" seed="189664268" result="Passed" start-time="2021-10-30T22:08:25.3565139Z" end-time="2021-10-30T22:08:25.3566305Z" duration="0.000117" asserts="1">
                  <properties>
                    <property name="Description" value="expr: 'foo.*.bazz';&#xA; result: &quot;gotcha&quot;" />
                  </properties>
                  <output><![CDATA[Expr is 'foo.*.bazz'
Result: '"gotcha"'
Expected: '"gotcha"'
]]></output>
                </test-case>
                <test-case id="0-2605" name="wildcards.case003" fullname="Jsonata.Net.Native.TestSuite.Tests.wildcards.case003" methodname="Test" classname="Jsonata.Net.Native.TestSuite.Tests" runstate="Runnable" seed="1735398369" result="Passed" start-time="2021-10-30T22:08:25.3566625Z" end-time="2021-10-30T22:08:25.3570289Z" duration="0.000367" asserts="1">
                  <properties>
                    <property name="Description" value="expr: 'foo.*.baz.*';&#xA; result: [&quot;hello&quot;,&quot;world&quot;]" />
                  </properties>
                  <output><![CDATA[Expr is 'foo.*.baz.*'
Result: '["hello","world"]'
Expected: '["hello","world"]'
]]></output>
                </test-case>
                <test-case id="0-2606" name="wildcards.case004" fullname="Jsonata.Net.Native.TestSuite.Tests.wildcards.case004" methodname="Test" classname="Jsonata.Net.Native.TestSuite.Tests" runstate="Runnable" seed="1167496678" result="Passed" start-time="2021-10-30T22:08:25.3572635Z" end-time="2021-10-30T22:08:25.3575201Z" duration="0.000257" asserts="1">
                  <properties>
                    <property name="Description" value="expr: 'foo.*.baz.*';&#xA; result: [&quot;hello&quot;,&quot;world&quot;]" />
                  </properties>
                  <output><![CDATA[Expr is 'foo.*.baz.*'
Result: '["hello","world"]'
Expected: '["hello","world"]'
]]></output>
                </test-case>
                <test-case id="0-2607" name="wildcards.case005" fullname="Jsonata.Net.Native.TestSuite.Tests.wildcards.case005" methodname="Test" classname="Jsonata.Net.Native.TestSuite.Tests" runstate="Runnable" seed="1782147670" result="Passed" start-time="2021-10-30T22:08:25.3578838Z" end-time="2021-10-30T22:08:25.3580758Z" duration="0.000192" asserts="1">
                  <properties>
                    <property name="Description" value="expr: 'foo.*.baz.*';&#xA; result: [&quot;hello&quot;,&quot;world&quot;]" />
                  </properties>
                  <output><![CDATA[Expr is 'foo.*.baz.*'
Result: '["hello","world"]'
Expected: '["hello","world"]'
]]></output>
                </test-case>
                <test-case id="0-2608" name="wildcards.case006" fullname="Jsonata.Net.Native.TestSuite.Tests.wildcards.case006" methodname="Test" classname="Jsonata.Net.Native.TestSuite.Tests" runstate="Runnable" seed="85819395" result="Passed" start-time="2021-10-30T22:08:25.3583759Z" end-time="2021-10-30T22:08:25.3589947Z" duration="0.000619" asserts="1">
                  <properties>
                    <property name="Description" value="expr: '*[type=&quot;home&quot;]';&#xA; result: [{&quot;type&quot;:&quot;home&quot;,&quot;number&quot;:&quot;0203 544 1234&quot;},{&quot;type&quot;:&quot;home&quot;,&quot;address&quot;:[&quot;freddy@my-social.com&quot;,&quot;frederic.smith@very-serious.com&quot;]}]" />
                  </properties>
                  <output><![CDATA[Expr is '*[type="home"]'
Result: '[{"type":"home","number":"0203 544 1234"},{"type":"home","address":["freddy@my-social.com","frederic.smith@very-serious.com"]}]'
Expected: '[{"type":"home","number":"0203 544 1234"},{"type":"home","address":["freddy@my-social.com","frederic.smith@very-serious.com"]}]'
]]></output>
                </test-case>
                <test-case id="0-2609" name="wildcards.case007" fullname="Jsonata.Net.Native.TestSuite.Tests.wildcards.case007" methodname="Test" classname="Jsonata.Net.Native.TestSuite.Tests" runstate="Runnable" seed="444548291" result="Passed" start-time="2021-10-30T22:08:25.3595390Z" end-time="2021-10-30T22:08:25.3600537Z" duration="0.000515" asserts="1">
                  <properties>
                    <property name="Description" value="expr: 'Account[$$.Account.&quot;Account Name&quot; = &quot;Firefly&quot;].*[OrderID=&quot;order104&quot;].Product.Price';&#xA; result: [34.45,107.99]" />
                  </properties>
                  <output><![CDATA[Expr is 'Account[$$.Account."Account Name" = "Firefly"].*[OrderID="order104"].Product.Price'
Result: '[34.45,107.99]'
Expected: '[34.45,107.99]'
]]></output>
                </test-case>
                <test-case id="0-2610" name="wildcards.case008" fullname="Jsonata.Net.Native.TestSuite.Tests.wildcards.case008" methodname="Test" classname="Jsonata.Net.Native.TestSuite.Tests" runstate="Runnable" seed="411141026" result="Passed" start-time="2021-10-30T22:08:25.3612941Z" end-time="2021-10-30T22:08:25.3631545Z" duration="0.001861" asserts="1">
                  <properties>
                    <property name="Description" value="expr: 'Account[$$.Account.`Account Name` = &quot;Firefly&quot;].*[OrderID=&quot;order104&quot;].Product.Price';&#xA; result: [34.45,107.99]" />
                  </properties>
                  <output><![CDATA[Expr is 'Account[$$.Account.`Account Name` = "Firefly"].*[OrderID="order104"].Product.Price'
Result: '[34.45,107.99]'
Expected: '[34.45,107.99]'
]]></output>
                </test-case>
                <test-case id="0-2611" name="wildcards.case009" fullname="Jsonata.Net.Native.TestSuite.Tests.wildcards.case009" methodname="Test" classname="Jsonata.Net.Native.TestSuite.Tests" runstate="Runnable" seed="1661194044" result="Passed" start-time="2021-10-30T22:08:25.3637715Z" end-time="2021-10-30T22:08:25.3639306Z" duration="0.000159" asserts="1">
                  <properties>
                    <property name="Description" value="expr: '*';&#xA; result: [1,2,3]" />
                  </properties>
                  <output><![CDATA[Expr is '*'
Result: '[1,2,3]'
Expected: '[1,2,3]'
]]></output>
                </test-case>
              </test-suite>
            </test-suite>
          </test-suite>
        </test-suite>
      </test-suite>
    </test-suite>
  </test-suite>
</test-run>